0 verbose cli /usr/local/bin/node /usr/local/bin/npm
1 info using npm@10.7.0
2 info using node@v18.20.3
3 silly config:load:file:/usr/local/lib/node_modules/npm/npmrc
4 warn config production Use `--omit=dev` instead.
5 silly config:load:file:/data/.npmrc
6 silly config:load:file:/usr/src/node-red/.npmrc
7 silly config:load:file:/usr/local/etc/npmrc
8 verbose title npm install puppeteer
9 verbose argv "install" "--production" "--engine-strict" "puppeteer"
10 verbose logfile logs-max:10 dir:/data/.npm/_logs/2025-06-20T20_54_15_091Z-
11 verbose logfile /data/.npm/_logs/2025-06-20T20_54_15_091Z-debug-0.log
12 silly logfile done cleaning log files
13 silly idealTree buildDeps
14 silly fetch manifest puppeteer@*
15 http fetch GET 200 https://registry.npmjs.org/puppeteer 214ms (cache miss)
16 silly placeDep ROOT puppeteer@24.10.2 OK for: node-red-project@0.0.1 want: *
17 silly fetch manifest @puppeteer/browsers@2.10.5
18 silly fetch manifest chromium-bidi@5.1.0
19 silly fetch manifest cosmiconfig@^9.0.0
20 silly fetch manifest devtools-protocol@0.0.1452169
21 silly fetch manifest puppeteer-core@24.10.2
22 silly fetch manifest typed-query-selector@^2.12.0
23 http fetch GET 200 https://registry.npmjs.org/@puppeteer%2fbrowsers 60ms (cache miss)
24 http fetch GET 200 https://registry.npmjs.org/puppeteer-core 137ms (cache miss)
25 http fetch GET 200 https://registry.npmjs.org/typed-query-selector 151ms (cache miss)
26 http fetch GET 200 https://registry.npmjs.org/chromium-bidi 165ms (cache miss)
27 http fetch GET 200 https://registry.npmjs.org/cosmiconfig 178ms (cache miss)
28 http fetch GET 200 https://registry.npmjs.org/devtools-protocol 267ms (cache miss)
29 silly fetch manifest typescript@>=4.9.5
30 http fetch GET 200 https://registry.npmjs.org/typescript 221ms (cache miss)
31 silly placeDep ROOT @puppeteer/browsers@2.10.5 OK for: puppeteer@24.10.2 want: 2.10.5
32 silly placeDep ROOT chromium-bidi@5.1.0 OK for: puppeteer@24.10.2 want: 5.1.0
33 silly placeDep ROOT devtools-protocol@0.0.1452169 OK for: chromium-bidi@5.1.0 want: *
34 silly placeDep ROOT cosmiconfig@9.0.0 OK for: puppeteer@24.10.2 want: ^9.0.0
35 silly placeDep ROOT puppeteer-core@24.10.2 OK for: puppeteer@24.10.2 want: 24.10.2
36 silly placeDep ROOT typed-query-selector@2.12.0 OK for: puppeteer@24.10.2 want: ^2.12.0
37 silly fetch manifest debug@^4.4.1
38 silly fetch manifest extract-zip@^2.0.1
39 silly fetch manifest progress@^2.0.3
40 silly fetch manifest proxy-agent@^6.5.0
41 silly fetch manifest tar-fs@^3.0.8
42 silly fetch manifest yargs@^17.7.2
43 silly fetch manifest semver@^7.7.2
44 http fetch GET 200 https://registry.npmjs.org/progress 43ms (cache miss)
45 silly fetch manifest zod@^3.24.1
46 http fetch GET 200 https://registry.npmjs.org/extract-zip 59ms (cache miss)
47 silly fetch manifest mitt@^3.0.1
48 http fetch GET 200 https://registry.npmjs.org/proxy-agent 62ms (cache miss)
49 silly fetch manifest env-paths@^2.2.1
50 http fetch GET 200 https://registry.npmjs.org/tar-fs 64ms (cache miss)
51 silly fetch manifest import-fresh@^3.3.0
52 http fetch GET 200 https://registry.npmjs.org/semver 67ms (cache miss)
53 silly fetch manifest js-yaml@^4.1.0
54 http fetch GET 200 https://registry.npmjs.org/debug 72ms (cache miss)
55 silly fetch manifest parse-json@^5.2.0
56 http fetch GET 200 https://registry.npmjs.org/mitt 36ms (cache miss)
57 silly fetch manifest ws@^8.18.2
58 http fetch GET 200 https://registry.npmjs.org/env-paths 38ms (cache miss)
59 http fetch GET 200 https://registry.npmjs.org/zod 69ms (cache miss)
60 http fetch GET 200 https://registry.npmjs.org/import-fresh 61ms (cache miss)
61 http fetch GET 200 https://registry.npmjs.org/js-yaml 58ms (cache miss)
62 http fetch GET 200 https://registry.npmjs.org/parse-json 58ms (cache miss)
63 http fetch GET 200 https://registry.npmjs.org/ws 44ms (cache miss)
64 http fetch GET 200 https://registry.npmjs.org/yargs 159ms (cache miss)
65 silly placeDep ROOT debug@4.4.1 OK for: @puppeteer/browsers@2.10.5 want: ^4.4.1
66 silly placeDep ROOT extract-zip@2.0.1 OK for: @puppeteer/browsers@2.10.5 want: ^2.0.1
67 silly placeDep ROOT progress@2.0.3 OK for: @puppeteer/browsers@2.10.5 want: ^2.0.3
68 silly placeDep ROOT proxy-agent@6.5.0 OK for: @puppeteer/browsers@2.10.5 want: ^6.5.0
69 silly placeDep ROOT semver@7.7.2 OK for: @puppeteer/browsers@2.10.5 want: ^7.7.2
70 silly placeDep ROOT tar-fs@3.0.10 OK for: @puppeteer/browsers@2.10.5 want: ^3.0.8
71 silly placeDep ROOT yargs@17.7.2 OK for: @puppeteer/browsers@2.10.5 want: ^17.7.2
72 silly fetch manifest ms@^2.1.3
73 silly fetch manifest get-stream@^5.1.0
74 silly fetch manifest yauzl@^2.10.0
75 silly fetch manifest @types/yauzl@^2.9.1
76 silly fetch manifest agent-base@^7.1.2
77 silly fetch manifest http-proxy-agent@^7.0.1
78 silly fetch manifest https-proxy-agent@^7.0.6
79 http fetch GET 200 https://registry.npmjs.org/get-stream 44ms (cache miss)
80 silly fetch manifest lru-cache@^7.14.1
81 http fetch GET 200 https://registry.npmjs.org/http-proxy-agent 55ms (cache miss)
82 silly fetch manifest pac-proxy-agent@^7.1.0
83 http fetch GET 200 https://registry.npmjs.org/agent-base 58ms (cache miss)
84 silly fetch manifest proxy-from-env@^1.1.0
85 http fetch GET 200 https://registry.npmjs.org/@types%2fyauzl 61ms (cache miss)
86 silly fetch manifest socks-proxy-agent@^8.0.5
87 http fetch GET 200 https://registry.npmjs.org/https-proxy-agent 62ms (cache miss)
88 silly fetch manifest pump@^3.0.0
89 http fetch GET 200 https://registry.npmjs.org/ms 66ms (cache miss)
90 silly fetch manifest tar-stream@^3.1.5
91 http fetch GET 200 https://registry.npmjs.org/pac-proxy-agent 50ms (cache miss)
92 silly fetch manifest bare-fs@^4.0.1
93 http fetch GET 200 https://registry.npmjs.org/proxy-from-env 52ms (cache miss)
94 silly fetch manifest bare-path@^3.0.0
95 http fetch GET 200 https://registry.npmjs.org/lru-cache 71ms (cache miss)
96 silly fetch manifest y18n@^5.0.5
97 http fetch GET 200 https://registry.npmjs.org/pump 56ms (cache miss)
98 silly fetch manifest cliui@^8.0.1
99 http fetch GET 200 https://registry.npmjs.org/socks-proxy-agent 61ms (cache miss)
100 silly fetch manifest escalade@^3.1.1
101 http fetch GET 200 https://registry.npmjs.org/tar-stream 59ms (cache miss)
102 silly fetch manifest string-width@^4.2.3
103 http fetch GET 200 https://registry.npmjs.org/bare-fs 38ms (cache miss)
104 silly fetch manifest yargs-parser@^21.1.1
105 http fetch GET 200 https://registry.npmjs.org/bare-path 42ms (cache miss)
106 silly fetch manifest get-caller-file@^2.0.5
107 http fetch GET 200 https://registry.npmjs.org/escalade 48ms (cache miss)
108 silly fetch manifest require-directory@^2.1.1
109 http fetch GET 200 https://registry.npmjs.org/y18n 54ms (cache miss)
110 http fetch GET 200 https://registry.npmjs.org/string-width 50ms (cache miss)
111 http fetch GET 200 https://registry.npmjs.org/cliui 55ms (cache miss)
112 http fetch GET 200 https://registry.npmjs.org/yauzl 184ms (cache miss)
113 http fetch GET 200 https://registry.npmjs.org/yargs-parser 37ms (cache miss)
114 http fetch GET 200 https://registry.npmjs.org/get-caller-file 42ms (cache miss)
115 http fetch GET 200 https://registry.npmjs.org/require-directory 50ms (cache miss)
116 silly placeDep ROOT mitt@3.0.1 OK for: chromium-bidi@5.1.0 want: ^3.0.1
117 silly placeDep ROOT zod@3.25.67 OK for: chromium-bidi@5.1.0 want: ^3.24.1
118 silly placeDep ROOT env-paths@2.2.1 OK for: cosmiconfig@9.0.0 want: ^2.2.1
119 silly placeDep ROOT import-fresh@3.3.1 OK for: cosmiconfig@9.0.0 want: ^3.3.0
120 silly placeDep ROOT js-yaml@4.1.0 OK for: cosmiconfig@9.0.0 want: ^4.1.0
121 silly placeDep ROOT parse-json@5.2.0 OK for: cosmiconfig@9.0.0 want: ^5.2.0
122 silly fetch manifest parent-module@^1.0.0
123 silly fetch manifest resolve-from@^4.0.0
124 silly fetch manifest argparse@^2.0.1
125 silly fetch manifest error-ex@^1.3.1
126 silly fetch manifest @babel/code-frame@^7.0.0
127 silly fetch manifest lines-and-columns@^1.1.6
128 silly fetch manifest json-parse-even-better-errors@^2.3.0
129 http fetch GET 200 https://registry.npmjs.org/resolve-from 58ms (cache miss)
130 http fetch GET 200 https://registry.npmjs.org/json-parse-even-better-errors 60ms (cache miss)
131 http fetch GET 200 https://registry.npmjs.org/parent-module 65ms (cache miss)
132 http fetch GET 200 https://registry.npmjs.org/lines-and-columns 63ms (cache miss)
133 http fetch GET 200 https://registry.npmjs.org/argparse 68ms (cache miss)
134 http fetch GET 200 https://registry.npmjs.org/error-ex 68ms (cache miss)
135 http fetch GET 200 https://registry.npmjs.org/@babel%2fcode-frame 72ms (cache miss)
136 silly placeDep ROOT ms@2.1.3 OK for: debug@4.4.1 want: ^2.1.3
137 silly placeDep ROOT @types/yauzl@2.10.3 OK for: extract-zip@2.0.1 want: ^2.9.1
138 silly placeDep ROOT get-stream@5.2.0 OK for: extract-zip@2.0.1 want: ^5.1.0
139 silly placeDep ROOT yauzl@2.10.0 OK for: extract-zip@2.0.1 want: ^2.10.0
140 silly fetch manifest @types/node@*
141 silly fetch manifest fd-slicer@~1.1.0
142 silly fetch manifest buffer-crc32@~0.2.3
143 http fetch GET 200 https://registry.npmjs.org/fd-slicer 44ms (cache miss)
144 http fetch GET 200 https://registry.npmjs.org/buffer-crc32 50ms (cache miss)
145 http fetch GET 200 https://registry.npmjs.org/@types%2fnode 207ms (cache miss)
146 silly placeDep ROOT @types/node@24.0.3 OK for: @types/yauzl@2.10.3 want: *
147 silly fetch manifest undici-types@~7.8.0
148 http fetch GET 200 https://registry.npmjs.org/undici-types 45ms (cache miss)
149 silly placeDep ROOT undici-types@7.8.0 OK for: @types/node@24.0.3 want: ~7.8.0
150 silly placeDep ROOT pump@3.0.3 OK for: get-stream@5.2.0 want: ^3.0.0
151 silly fetch manifest end-of-stream@^1.1.0
152 silly fetch manifest once@^1.3.1
153 http fetch GET 200 https://registry.npmjs.org/end-of-stream 33ms (cache miss)
154 http fetch GET 200 https://registry.npmjs.org/once 38ms (cache miss)
155 silly placeDep ROOT parent-module@1.0.1 OK for: import-fresh@3.3.1 want: ^1.0.0
156 silly placeDep ROOT resolve-from@4.0.0 OK for: import-fresh@3.3.1 want: ^4.0.0
157 silly fetch manifest callsites@^3.0.0
158 http fetch GET 200 https://registry.npmjs.org/callsites 44ms (cache miss)
159 silly placeDep ROOT argparse@2.0.1 OK for: js-yaml@4.1.0 want: ^2.0.1
160 silly placeDep ROOT callsites@3.1.0 OK for: parent-module@1.0.1 want: ^3.0.0
161 silly placeDep ROOT @babel/code-frame@7.27.1 OK for: parse-json@5.2.0 want: ^7.0.0
162 silly placeDep ROOT error-ex@1.3.2 OK for: parse-json@5.2.0 want: ^1.3.1
163 silly placeDep ROOT json-parse-even-better-errors@2.3.1 OK for: parse-json@5.2.0 want: ^2.3.0
164 silly placeDep ROOT lines-and-columns@1.2.4 OK for: parse-json@5.2.0 want: ^1.1.6
165 silly fetch manifest js-tokens@^4.0.0
166 silly fetch manifest picocolors@^1.1.1
167 silly fetch manifest @babel/helper-validator-identifier@^7.27.1
168 silly fetch manifest is-arrayish@^0.2.1
169 http fetch GET 200 https://registry.npmjs.org/js-tokens 43ms (cache miss)
170 http fetch GET 200 https://registry.npmjs.org/picocolors 45ms (cache miss)
171 http fetch GET 200 https://registry.npmjs.org/is-arrayish 46ms (cache miss)
172 http fetch GET 200 https://registry.npmjs.org/@babel%2fhelper-validator-identifier 64ms (cache miss)
173 silly placeDep ROOT @babel/helper-validator-identifier@7.27.1 OK for: @babel/code-frame@7.27.1 want: ^7.27.1
174 silly placeDep ROOT js-tokens@4.0.0 OK for: @babel/code-frame@7.27.1 want: ^4.0.0
175 silly placeDep ROOT picocolors@1.1.1 OK for: @babel/code-frame@7.27.1 want: ^1.1.1
176 silly placeDep ROOT is-arrayish@0.2.1 OK for: error-ex@1.3.2 want: ^0.2.1
177 silly placeDep ROOT agent-base@7.1.3 OK for: proxy-agent@6.5.0 want: ^7.1.2
178 silly placeDep ROOT http-proxy-agent@7.0.2 OK for: proxy-agent@6.5.0 want: ^7.0.1
179 silly placeDep ROOT https-proxy-agent@7.0.6 OK for: proxy-agent@6.5.0 want: ^7.0.6
180 silly placeDep ROOT lru-cache@7.18.3 OK for: proxy-agent@6.5.0 want: ^7.14.1
181 silly placeDep ROOT pac-proxy-agent@7.2.0 OK for: proxy-agent@6.5.0 want: ^7.1.0
182 silly placeDep ROOT proxy-from-env@1.1.0 OK for: proxy-agent@6.5.0 want: ^1.1.0
183 silly placeDep ROOT socks-proxy-agent@8.0.5 OK for: proxy-agent@6.5.0 want: ^8.0.5
184 silly fetch manifest @tootallnate/quickjs-emscripten@^0.23.0
185 silly fetch manifest get-uri@^6.0.1
186 silly fetch manifest pac-resolver@^7.0.1
187 silly fetch manifest socks@^2.8.3
188 http fetch GET 200 https://registry.npmjs.org/socks 49ms (cache miss)
189 http fetch GET 200 https://registry.npmjs.org/@tootallnate%2fquickjs-emscripten 54ms (cache miss)
190 http fetch GET 200 https://registry.npmjs.org/pac-resolver 53ms (cache miss)
191 http fetch GET 200 https://registry.npmjs.org/get-uri 54ms (cache miss)
192 silly placeDep ROOT @tootallnate/quickjs-emscripten@0.23.0 OK for: pac-proxy-agent@7.2.0 want: ^0.23.0
193 silly placeDep ROOT get-uri@6.0.4 OK for: pac-proxy-agent@7.2.0 want: ^6.0.1
194 silly placeDep ROOT pac-resolver@7.0.1 OK for: pac-proxy-agent@7.2.0 want: ^7.0.1
195 silly fetch manifest basic-ftp@^5.0.2
196 silly fetch manifest data-uri-to-buffer@^6.0.2
197 silly fetch manifest degenerator@^5.0.0
198 silly fetch manifest netmask@^2.0.2
199 http fetch GET 200 https://registry.npmjs.org/netmask 46ms (cache miss)
200 http fetch GET 200 https://registry.npmjs.org/data-uri-to-buffer 49ms (cache miss)
201 http fetch GET 200 https://registry.npmjs.org/basic-ftp 52ms (cache miss)
202 http fetch GET 200 https://registry.npmjs.org/degenerator 56ms (cache miss)
203 silly placeDep ROOT basic-ftp@5.0.5 OK for: get-uri@6.0.4 want: ^5.0.2
204 silly placeDep ROOT data-uri-to-buffer@6.0.2 OK for: get-uri@6.0.4 want: ^6.0.2
205 silly placeDep ROOT degenerator@5.0.1 OK for: pac-resolver@7.0.1 want: ^5.0.0
206 silly placeDep ROOT netmask@2.0.2 OK for: pac-resolver@7.0.1 want: ^2.0.2
207 silly fetch manifest ast-types@^0.13.4
208 silly fetch manifest escodegen@^2.1.0
209 silly fetch manifest esprima@^4.0.1
210 http fetch GET 200 https://registry.npmjs.org/esprima 49ms (cache miss)
211 http fetch GET 200 https://registry.npmjs.org/ast-types 52ms (cache miss)
212 http fetch GET 200 https://registry.npmjs.org/escodegen 59ms (cache miss)
213 silly placeDep ROOT ast-types@0.13.4 OK for: degenerator@5.0.1 want: ^0.13.4
214 silly placeDep ROOT escodegen@2.1.0 OK for: degenerator@5.0.1 want: ^2.1.0
215 silly placeDep ROOT esprima@4.0.1 OK for: degenerator@5.0.1 want: ^4.0.1
216 silly fetch manifest tslib@^2.0.1
217 silly fetch manifest estraverse@^5.2.0
218 silly fetch manifest esutils@^2.0.2
219 silly fetch manifest source-map@~0.6.1
220 http fetch GET 200 https://registry.npmjs.org/tslib 37ms (cache miss)
221 http fetch GET 200 https://registry.npmjs.org/esutils 41ms (cache miss)
222 http fetch GET 200 https://registry.npmjs.org/estraverse 41ms (cache miss)
223 http fetch GET 200 https://registry.npmjs.org/source-map 47ms (cache miss)
224 silly placeDep ROOT tslib@2.8.1 OK for: ast-types@0.13.4 want: ^2.0.1
225 silly placeDep ROOT estraverse@5.3.0 OK for: escodegen@2.1.0 want: ^5.2.0
226 silly placeDep ROOT esutils@2.0.3 OK for: escodegen@2.1.0 want: ^2.0.2
227 silly placeDep ROOT source-map@0.6.1 OK for: escodegen@2.1.0 want: ~0.6.1
228 silly placeDep ROOT end-of-stream@1.4.5 OK for: pump@3.0.3 want: ^1.1.0
229 silly placeDep ROOT once@1.4.0 OK for: pump@3.0.3 want: ^1.3.1
230 silly fetch manifest once@^1.4.0
231 silly fetch manifest wrappy@1
232 http fetch GET 200 https://registry.npmjs.org/wrappy 36ms (cache miss)
233 silly placeDep ROOT wrappy@1.0.2 OK for: once@1.4.0 want: 1
234 silly fetch manifest bufferutil@^4.0.1
235 http fetch GET 200 https://registry.npmjs.org/bufferutil 42ms (cache miss)
236 silly fetch manifest utf-8-validate@>=5.0.2
237 http fetch GET 200 https://registry.npmjs.org/utf-8-validate 44ms (cache miss)
238 silly placeDep ROOT ws@8.18.2 OK for: puppeteer-core@24.10.2 want: ^8.18.2
239 silly placeDep ROOT socks@2.8.5 OK for: socks-proxy-agent@8.0.5 want: ^2.8.3
240 silly fetch manifest ip-address@^9.0.5
241 silly fetch manifest smart-buffer@^4.2.0
242 http fetch GET 200 https://registry.npmjs.org/ip-address 38ms (cache miss)
243 http fetch GET 200 https://registry.npmjs.org/smart-buffer 44ms (cache miss)
244 silly placeDep ROOT ip-address@9.0.5 OK for: socks@2.8.5 want: ^9.0.5
245 silly placeDep ROOT smart-buffer@4.2.0 OK for: socks@2.8.5 want: ^4.2.0
246 silly fetch manifest jsbn@1.1.0
247 silly fetch manifest sprintf-js@^1.1.3
248 http fetch GET 200 https://registry.npmjs.org/jsbn 40ms (cache miss)
249 http fetch GET 200 https://registry.npmjs.org/sprintf-js 41ms (cache miss)
250 silly placeDep ROOT jsbn@1.1.0 OK for: ip-address@9.0.5 want: 1.1.0
251 silly placeDep ROOT sprintf-js@1.1.3 OK for: ip-address@9.0.5 want: ^1.1.3
252 silly fetch manifest bare-buffer@*
253 http fetch GET 200 https://registry.npmjs.org/bare-buffer 39ms (cache miss)
254 silly placeDep ROOT bare-fs@4.1.5 OK for: tar-fs@3.0.10 want: ^4.0.1
255 silly placeDep ROOT bare-path@3.0.0 OK for: tar-fs@3.0.10 want: ^3.0.0
256 silly placeDep ROOT tar-stream@3.1.7 OK for: tar-fs@3.0.10 want: ^3.1.5
257 silly fetch manifest bare-events@^2.5.4
258 silly fetch manifest bare-stream@^2.6.4
259 silly fetch manifest bare-os@^3.0.1
260 silly fetch manifest b4a@^1.6.4
261 silly fetch manifest fast-fifo@^1.2.0
262 silly fetch manifest streamx@^2.15.0
263 http fetch GET 200 https://registry.npmjs.org/fast-fifo 45ms (cache miss)
264 http fetch GET 200 https://registry.npmjs.org/bare-events 52ms (cache miss)
265 http fetch GET 200 https://registry.npmjs.org/bare-os 54ms (cache miss)
266 http fetch GET 200 https://registry.npmjs.org/bare-stream 60ms (cache miss)
267 http fetch GET 200 https://registry.npmjs.org/b4a 61ms (cache miss)
268 http fetch GET 200 https://registry.npmjs.org/streamx 62ms (cache miss)
269 silly placeDep ROOT bare-events@2.5.4 OK for: bare-fs@4.1.5 want: ^2.5.4
270 silly placeDep ROOT bare-stream@2.6.5 OK for: bare-fs@4.1.5 want: ^2.6.4
271 silly fetch manifest streamx@^2.21.0
272 silly placeDep ROOT bare-os@3.6.1 OK for: bare-path@3.0.0 want: ^3.0.1
273 silly placeDep ROOT streamx@2.22.1 OK for: bare-stream@2.6.5 want: ^2.21.0
274 silly fetch manifest fast-fifo@^1.3.2
275 silly fetch manifest text-decoder@^1.1.0
276 http fetch GET 200 https://registry.npmjs.org/text-decoder 33ms (cache miss)
277 silly placeDep ROOT fast-fifo@1.3.2 OK for: streamx@2.22.1 want: ^1.3.2
278 silly placeDep ROOT text-decoder@1.2.3 OK for: streamx@2.22.1 want: ^1.1.0
279 silly placeDep ROOT b4a@1.6.7 OK for: tar-stream@3.1.7 want: ^1.6.4
280 silly placeDep ROOT cliui@8.0.1 OK for: yargs@17.7.2 want: ^8.0.1
281 silly placeDep ROOT escalade@3.2.0 OK for: yargs@17.7.2 want: ^3.1.1
282 silly placeDep ROOT get-caller-file@2.0.5 OK for: yargs@17.7.2 want: ^2.0.5
283 silly placeDep ROOT require-directory@2.1.1 OK for: yargs@17.7.2 want: ^2.1.1
284 silly placeDep ROOT string-width@4.2.3 OK for: yargs@17.7.2 want: ^4.2.3
285 silly placeDep ROOT y18n@5.0.8 OK for: yargs@17.7.2 want: ^5.0.5
286 silly placeDep ROOT yargs-parser@21.1.1 OK for: yargs@17.7.2 want: ^21.1.1
287 silly fetch manifest wrap-ansi@^7.0.0
288 silly fetch manifest strip-ansi@^6.0.1
289 silly fetch manifest string-width@^4.2.0
290 silly fetch manifest emoji-regex@^8.0.0
291 silly fetch manifest is-fullwidth-code-point@^3.0.0
292 http fetch GET 200 https://registry.npmjs.org/wrap-ansi 39ms (cache miss)
293 http fetch GET 200 https://registry.npmjs.org/strip-ansi 47ms (cache miss)
294 http fetch GET 200 https://registry.npmjs.org/emoji-regex 60ms (cache miss)
295 http fetch GET 200 https://registry.npmjs.org/is-fullwidth-code-point 64ms (cache miss)
296 silly placeDep ROOT strip-ansi@6.0.1 OK for: cliui@8.0.1 want: ^6.0.1
297 silly placeDep ROOT wrap-ansi@7.0.0 OK for: cliui@8.0.1 want: ^7.0.0
298 silly fetch manifest ansi-regex@^5.0.1
299 silly fetch manifest ansi-styles@^4.0.0
300 http fetch GET 200 https://registry.npmjs.org/ansi-regex 47ms (cache miss)
301 http fetch GET 200 https://registry.npmjs.org/ansi-styles 48ms (cache miss)
302 silly placeDep ROOT emoji-regex@8.0.0 OK for: string-width@4.2.3 want: ^8.0.0
303 silly placeDep ROOT is-fullwidth-code-point@3.0.0 OK for: string-width@4.2.3 want: ^3.0.0
304 silly placeDep ROOT ansi-regex@5.0.1 OK for: strip-ansi@6.0.1 want: ^5.0.1
305 silly placeDep ROOT ansi-styles@4.3.0 OK for: wrap-ansi@7.0.0 want: ^4.0.0
306 silly fetch manifest color-convert@^2.0.1
307 http fetch GET 200 https://registry.npmjs.org/color-convert 37ms (cache miss)
308 silly placeDep ROOT color-convert@2.0.1 OK for: ansi-styles@4.3.0 want: ^2.0.1
309 silly fetch manifest color-name@~1.1.4
310 http fetch GET 200 https://registry.npmjs.org/color-name 39ms (cache miss)
311 silly placeDep ROOT color-name@1.1.4 OK for: color-convert@2.0.1 want: ~1.1.4
312 silly placeDep ROOT buffer-crc32@0.2.13 OK for: yauzl@2.10.0 want: ~0.2.3
313 silly placeDep ROOT fd-slicer@1.1.0 OK for: yauzl@2.10.0 want: ~1.1.0
314 silly fetch manifest pend@~1.2.0
315 http fetch GET 200 https://registry.npmjs.org/pend 32ms (cache miss)
316 silly placeDep ROOT pend@1.2.0 OK for: fd-slicer@1.1.0 want: ~1.2.0
317 verbose stack Error: Unsupported engine
317 verbose stack     at checkEngine (/usr/local/lib/node_modules/npm/node_modules/npm-install-checks/lib/index.js:14:25)
317 verbose stack     at #checkEngineAndPlatform (/usr/local/lib/node_modules/npm/node_modules/@npmcli/arborist/lib/arborist/build-ideal-tree.js:220:11)
317 verbose stack     at Arborist.buildIdealTree (/usr/local/lib/node_modules/npm/node_modules/@npmcli/arborist/lib/arborist/build-ideal-tree.js:206:41)
317 verbose stack     at async Promise.all (index 1)
317 verbose stack     at async Arborist.reify (/usr/local/lib/node_modules/npm/node_modules/@npmcli/arborist/lib/arborist/reify.js:131:5)
317 verbose stack     at async Install.exec (/usr/local/lib/node_modules/npm/lib/commands/install.js:150:5)
317 verbose stack     at async module.exports (/usr/local/lib/node_modules/npm/lib/cli/entry.js:74:5)
318 verbose pkgid undici@7.10.0
319 verbose cwd /data
320 verbose Linux 6.10.14-linuxkit
321 verbose node v18.20.3
322 verbose npm  v10.7.0
323 error code EBADENGINE
324 error engine Unsupported engine
325 error engine Not compatible with your version of node/npm: undici@7.10.0
326 error notsup Not compatible with your version of node/npm: undici@7.10.0
326 error notsup Required: {"node":">=20.18.1"}
326 error notsup Actual:   {"npm":"10.7.0","node":"v18.20.3"}
327 verbose exit 1
328 verbose code 1
329 silly unfinished npm timer reify 1750452855269
330 silly unfinished npm timer reify:loadTrees 1750452855270
331 error A complete log of this run can be found in: /data/.npm/_logs/2025-06-20T20_54_15_091Z-debug-0.log
