0 verbose cli /usr/local/bin/node /usr/local/bin/npm
1 info using npm@10.7.0
2 info using node@v18.20.3
3 silly config:load:file:/usr/local/lib/node_modules/npm/npmrc
4 silly config:load:file:/data/.npmrc
5 silly config:load:file:/usr/src/node-red/.npmrc
6 silly config:load:file:/usr/local/etc/npmrc
7 verbose title npm install cheerio
8 verbose argv "install" "cheerio"
9 verbose logfile logs-max:10 dir:/data/.npm/_logs/2025-06-20T18_45_45_454Z-
10 verbose logfile /data/.npm/_logs/2025-06-20T18_45_45_454Z-debug-0.log
11 silly logfile done cleaning log files
12 silly idealTree buildDeps
13 silly fetch manifest cheerio@*
14 http fetch GET 200 https://registry.npmjs.org/npm 196ms
15 http fetch GET 200 https://registry.npmjs.org/cheerio 179ms (cache miss)
16 silly placeDep ROOT cheerio@1.1.0 OK for: node-red-project@0.0.1 want: *
17 silly fetch manifest cheerio-select@^2.1.0
18 silly fetch manifest dom-serializer@^2.0.0
19 silly fetch manifest domhandler@^5.0.3
20 silly fetch manifest domutils@^3.2.2
21 silly fetch manifest encoding-sniffer@^0.2.0
22 silly fetch manifest htmlparser2@^10.0.0
23 silly fetch manifest parse5@^7.3.0
24 http fetch GET 200 https://registry.npmjs.org/encoding-sniffer 43ms (cache miss)
25 silly fetch manifest parse5-htmlparser2-tree-adapter@^7.1.0
26 http fetch GET 200 https://registry.npmjs.org/cheerio-select 47ms (cache miss)
27 silly fetch manifest parse5-parser-stream@^7.1.2
28 http fetch GET 200 https://registry.npmjs.org/parse5-parser-stream 41ms (cache miss)
29 silly fetch manifest undici@^7.10.0
30 http fetch GET 200 https://registry.npmjs.org/parse5-htmlparser2-tree-adapter 45ms (cache miss)
31 silly fetch manifest whatwg-mimetype@^4.0.0
32 http fetch GET 200 https://registry.npmjs.org/domutils 126ms (cache miss)
33 http fetch GET 200 https://registry.npmjs.org/dom-serializer 145ms (cache miss)
34 http fetch GET 200 https://registry.npmjs.org/whatwg-mimetype 54ms (cache miss)
35 http fetch GET 200 https://registry.npmjs.org/domhandler 150ms (cache miss)
36 http fetch GET 200 https://registry.npmjs.org/htmlparser2 154ms (cache miss)
37 http fetch GET 200 https://registry.npmjs.org/undici 70ms (cache miss)
38 http fetch GET 200 https://registry.npmjs.org/parse5 163ms (cache miss)
39 silly placeDep ROOT cheerio-select@2.1.0 OK for: cheerio@1.1.0 want: ^2.1.0
40 silly placeDep ROOT dom-serializer@2.0.0 OK for: cheerio@1.1.0 want: ^2.0.0
41 silly placeDep ROOT domhandler@5.0.3 OK for: cheerio@1.1.0 want: ^5.0.3
42 silly placeDep ROOT domutils@3.2.2 OK for: cheerio@1.1.0 want: ^3.2.2
43 silly placeDep ROOT encoding-sniffer@0.2.1 OK for: cheerio@1.1.0 want: ^0.2.0
44 silly placeDep ROOT htmlparser2@10.0.0 OK for: cheerio@1.1.0 want: ^10.0.0
45 silly placeDep ROOT parse5@7.3.0 OK for: cheerio@1.1.0 want: ^7.3.0
46 silly placeDep ROOT parse5-htmlparser2-tree-adapter@7.1.0 OK for: cheerio@1.1.0 want: ^7.1.0
47 silly placeDep ROOT parse5-parser-stream@7.1.2 OK for: cheerio@1.1.0 want: ^7.1.2
48 silly placeDep ROOT undici@7.10.0 OK for: cheerio@1.1.0 want: ^7.10.0
49 silly placeDep ROOT whatwg-mimetype@4.0.0 OK for: cheerio@1.1.0 want: ^4.0.0
50 silly fetch manifest boolbase@^1.0.0
51 silly fetch manifest css-select@^5.1.0
52 silly fetch manifest css-what@^6.1.0
53 silly fetch manifest domelementtype@^2.3.0
54 silly fetch manifest domutils@^3.0.1
55 silly fetch manifest domhandler@^5.0.2
56 silly fetch manifest entities@^4.2.0
57 http fetch GET 200 https://registry.npmjs.org/boolbase 38ms (cache miss)
58 http fetch GET 200 https://registry.npmjs.org/css-select 51ms (cache miss)
59 silly fetch manifest iconv-lite@^0.6.3
60 http fetch GET 200 https://registry.npmjs.org/domelementtype 53ms (cache miss)
61 silly fetch manifest whatwg-encoding@^3.1.1
62 silly fetch manifest entities@^6.0.0
63 http fetch GET 200 https://registry.npmjs.org/entities 59ms (cache miss)
64 http fetch GET 200 https://registry.npmjs.org/css-what 64ms (cache miss)
65 http fetch GET 200 https://registry.npmjs.org/whatwg-encoding 43ms (cache miss)
66 http fetch GET 200 https://registry.npmjs.org/iconv-lite 47ms (cache miss)
67 http fetch GET 200 https://registry.npmjs.org/entities 47ms (cache miss)
68 silly placeDep ROOT boolbase@1.0.0 OK for: cheerio-select@2.1.0 want: ^1.0.0
69 silly placeDep ROOT css-select@5.1.0 OK for: cheerio-select@2.1.0 want: ^5.1.0
70 silly placeDep ROOT css-what@6.1.0 OK for: cheerio-select@2.1.0 want: ^6.1.0
71 silly placeDep ROOT domelementtype@2.3.0 OK for: cheerio-select@2.1.0 want: ^2.3.0
72 silly fetch manifest nth-check@^2.0.1
73 http fetch GET 200 https://registry.npmjs.org/nth-check 32ms (cache miss)
74 silly placeDep ROOT nth-check@2.1.1 OK for: css-select@5.1.0 want: ^2.0.1
75 silly placeDep ROOT entities@4.5.0 OK for: dom-serializer@2.0.0 want: ^4.2.0
76 silly placeDep ROOT iconv-lite@0.6.3 OK for: encoding-sniffer@0.2.1 want: ^0.6.3
77 silly placeDep ROOT whatwg-encoding@3.1.1 OK for: encoding-sniffer@0.2.1 want: ^3.1.1
78 silly fetch manifest safer-buffer@>= 2.1.2 < 3.0.0
79 http fetch GET 200 https://registry.npmjs.org/safer-buffer 36ms (cache miss)
80 silly placeDep node_modules/htmlparser2 entities@6.0.1 OK for: htmlparser2@10.0.0 want: ^6.0.0
81 silly placeDep ROOT safer-buffer@2.1.2 OK for: iconv-lite@0.6.3 want: >= 2.1.2 < 3.0.0
82 silly placeDep node_modules/parse5 entities@6.0.1 OK for: parse5@7.3.0 want: ^6.0.0
83 warn EBADENGINE Unsupported engine {
83 warn EBADENGINE   package: 'undici@7.10.0',
83 warn EBADENGINE   required: { node: '>=20.18.1' },
83 warn EBADENGINE   current: { node: 'v18.20.3', npm: '10.7.0' }
83 warn EBADENGINE }
84 silly reify moves {}
85 silly audit bulk request {
85 silly audit   cheerio: [ '1.1.0' ],
85 silly audit   'cheerio-select': [ '2.1.0' ],
85 silly audit   'dom-serializer': [ '2.0.0' ],
85 silly audit   domhandler: [ '5.0.3' ],
85 silly audit   domutils: [ '3.2.2' ],
85 silly audit   'encoding-sniffer': [ '0.2.1' ],
85 silly audit   htmlparser2: [ '10.0.0' ],
85 silly audit   parse5: [ '7.3.0' ],
85 silly audit   'parse5-htmlparser2-tree-adapter': [ '7.1.0' ],
85 silly audit   'parse5-parser-stream': [ '7.1.2' ],
85 silly audit   undici: [ '7.10.0' ],
85 silly audit   'whatwg-mimetype': [ '4.0.0' ],
85 silly audit   boolbase: [ '1.0.0' ],
85 silly audit   'css-select': [ '5.1.0' ],
85 silly audit   'css-what': [ '6.1.0' ],
85 silly audit   domelementtype: [ '2.3.0' ],
85 silly audit   'nth-check': [ '2.1.1' ],
85 silly audit   entities: [ '4.5.0', '6.0.1' ],
85 silly audit   'iconv-lite': [ '0.6.3' ],
85 silly audit   'whatwg-encoding': [ '3.1.1' ],
85 silly audit   'safer-buffer': [ '2.1.2' ]
85 silly audit }
86 silly tarball no local data for safer-buffer@https://registry.npmjs.org/safer-buffer/-/safer-buffer-2.1.2.tgz. Extracting by manifest.
87 silly tarball no local data for whatwg-encoding@https://registry.npmjs.org/whatwg-encoding/-/whatwg-encoding-3.1.1.tgz. Extracting by manifest.
88 silly tarball no local data for iconv-lite@https://registry.npmjs.org/iconv-lite/-/iconv-lite-0.6.3.tgz. Extracting by manifest.
89 silly tarball no local data for css-select@https://registry.npmjs.org/css-select/-/css-select-5.1.0.tgz. Extracting by manifest.
90 silly tarball no local data for entities@https://registry.npmjs.org/entities/-/entities-4.5.0.tgz. Extracting by manifest.
91 silly tarball no local data for undici@https://registry.npmjs.org/undici/-/undici-7.10.0.tgz. Extracting by manifest.
92 silly tarball no local data for parse5-htmlparser2-tree-adapter@https://registry.npmjs.org/parse5-htmlparser2-tree-adapter/-/parse5-htmlparser2-tree-adapter-7.1.0.tgz. Extracting by manifest.
93 silly tarball no local data for encoding-sniffer@https://registry.npmjs.org/encoding-sniffer/-/encoding-sniffer-0.2.1.tgz. Extracting by manifest.
94 silly tarball no local data for htmlparser2@https://registry.npmjs.org/htmlparser2/-/htmlparser2-10.0.0.tgz. Extracting by manifest.
95 silly tarball no local data for whatwg-mimetype@https://registry.npmjs.org/whatwg-mimetype/-/whatwg-mimetype-4.0.0.tgz. Extracting by manifest.
96 silly tarball no local data for boolbase@https://registry.npmjs.org/boolbase/-/boolbase-1.0.0.tgz. Extracting by manifest.
97 silly tarball no local data for parse5-parser-stream@https://registry.npmjs.org/parse5-parser-stream/-/parse5-parser-stream-7.1.2.tgz. Extracting by manifest.
98 silly tarball no local data for domhandler@https://registry.npmjs.org/domhandler/-/domhandler-5.0.3.tgz. Extracting by manifest.
99 silly tarball no local data for domutils@https://registry.npmjs.org/domutils/-/domutils-3.2.2.tgz. Extracting by manifest.
100 silly tarball no local data for parse5@https://registry.npmjs.org/parse5/-/parse5-7.3.0.tgz. Extracting by manifest.
101 silly tarball no local data for dom-serializer@https://registry.npmjs.org/dom-serializer/-/dom-serializer-2.0.0.tgz. Extracting by manifest.
102 silly tarball no local data for cheerio-select@https://registry.npmjs.org/cheerio-select/-/cheerio-select-2.1.0.tgz. Extracting by manifest.
103 silly tarball no local data for nth-check@https://registry.npmjs.org/nth-check/-/nth-check-2.1.1.tgz. Extracting by manifest.
104 silly tarball no local data for domelementtype@https://registry.npmjs.org/domelementtype/-/domelementtype-2.3.0.tgz. Extracting by manifest.
105 silly tarball no local data for css-what@https://registry.npmjs.org/css-what/-/css-what-6.1.0.tgz. Extracting by manifest.
106 silly tarball no local data for entities@https://registry.npmjs.org/entities/-/entities-6.0.1.tgz. Extracting by manifest.
107 silly tarball no local data for entities@https://registry.npmjs.org/entities/-/entities-6.0.1.tgz. Extracting by manifest.
108 silly tarball no local data for cheerio@https://registry.npmjs.org/cheerio/-/cheerio-1.1.0.tgz. Extracting by manifest.
109 http fetch GET 200 https://registry.npmjs.org/whatwg-encoding/-/whatwg-encoding-3.1.1.tgz 114ms (cache miss)
110 http fetch GET 200 https://registry.npmjs.org/safer-buffer/-/safer-buffer-2.1.2.tgz 129ms (cache miss)
111 http fetch GET 200 https://registry.npmjs.org/domelementtype/-/domelementtype-2.3.0.tgz 195ms (cache miss)
112 http fetch POST 200 https://registry.npmjs.org/-/npm/v1/security/advisories/bulk 685ms
113 silly audit report {}
114 http fetch GET 200 https://registry.npmjs.org/css-what/-/css-what-6.1.0.tgz 661ms (cache miss)
115 http fetch GET 200 https://registry.npmjs.org/dom-serializer/-/dom-serializer-2.0.0.tgz 691ms (cache miss)
116 http fetch GET 200 https://registry.npmjs.org/parse5-htmlparser2-tree-adapter/-/parse5-htmlparser2-tree-adapter-7.1.0.tgz 696ms (cache miss)
117 http fetch GET 200 https://registry.npmjs.org/nth-check/-/nth-check-2.1.1.tgz 713ms (cache miss)
118 http fetch GET 200 https://registry.npmjs.org/boolbase/-/boolbase-1.0.0.tgz 778ms (cache miss)
119 http fetch GET 200 https://registry.npmjs.org/parse5-parser-stream/-/parse5-parser-stream-7.1.2.tgz 786ms (cache miss)
120 http fetch GET 200 https://registry.npmjs.org/whatwg-mimetype/-/whatwg-mimetype-4.0.0.tgz 921ms (cache miss)
121 http fetch GET 200 https://registry.npmjs.org/cheerio-select/-/cheerio-select-2.1.0.tgz 929ms (cache miss)
122 http fetch GET 200 https://registry.npmjs.org/domhandler/-/domhandler-5.0.3.tgz 1352ms (cache miss)
123 http fetch GET 200 https://registry.npmjs.org/encoding-sniffer/-/encoding-sniffer-0.2.1.tgz 1606ms (cache miss)
124 http fetch GET 200 https://registry.npmjs.org/iconv-lite/-/iconv-lite-0.6.3.tgz 1692ms (cache miss)
125 http fetch GET 200 https://registry.npmjs.org/entities/-/entities-4.5.0.tgz 1910ms (cache miss)
126 http fetch GET 200 https://registry.npmjs.org/css-select/-/css-select-5.1.0.tgz 2114ms (cache miss)
127 http fetch GET 200 https://registry.npmjs.org/domutils/-/domutils-3.2.2.tgz 2118ms (cache miss)
128 http fetch GET 200 https://registry.npmjs.org/htmlparser2/-/htmlparser2-10.0.0.tgz 2366ms (cache miss)
129 http fetch GET 200 https://registry.npmjs.org/parse5/-/parse5-7.3.0.tgz 2370ms (cache miss)
130 http fetch GET 200 https://registry.npmjs.org/entities/-/entities-6.0.1.tgz 2371ms (cache miss)
131 http fetch GET 200 https://registry.npmjs.org/entities/-/entities-6.0.1.tgz 2380ms (cache miss)
132 http fetch GET 200 https://registry.npmjs.org/cheerio/-/cheerio-1.1.0.tgz 2904ms (cache miss)
133 http fetch GET 200 https://registry.npmjs.org/undici/-/undici-7.10.0.tgz 2923ms (cache miss)
134 silly ADD node_modules/safer-buffer
135 silly ADD node_modules/whatwg-encoding
136 silly ADD node_modules/iconv-lite
137 silly ADD node_modules/entities
138 silly ADD node_modules/nth-check
139 silly ADD node_modules/domelementtype
140 silly ADD node_modules/css-what
141 silly ADD node_modules/css-select
142 silly ADD node_modules/boolbase
143 silly ADD node_modules/whatwg-mimetype
144 silly ADD node_modules/undici
145 silly ADD node_modules/parse5-parser-stream
146 silly ADD node_modules/parse5-htmlparser2-tree-adapter
147 silly ADD node_modules/parse5
148 silly ADD node_modules/parse5/node_modules/entities
149 silly ADD node_modules/htmlparser2
150 silly ADD node_modules/htmlparser2/node_modules/entities
151 silly ADD node_modules/encoding-sniffer
152 silly ADD node_modules/domutils
153 silly ADD node_modules/domhandler
154 silly ADD node_modules/dom-serializer
155 silly ADD node_modules/cheerio-select
156 silly ADD node_modules/cheerio
157 notice
157 notice New [31mmajor[39m version of npm available! [31m10.7.0[39m -> [34m11.4.2[39m
157 notice Changelog: [34mhttps://github.com/npm/cli/releases/tag/v11.4.2[39m
157 notice To update run: [4mnpm install -g npm@11.4.2[24m
157 notice  { force: true, [Symbol(proc-log.meta)]: true }
158 verbose exit 0
159 info ok
