0 verbose cli /usr/local/bin/node /usr/local/bin/npm
1 info using npm@10.7.0
2 info using node@v18.20.3
3 silly config:load:file:/usr/local/lib/node_modules/npm/npmrc
4 warn config production Use `--omit=dev` instead.
5 silly config:load:file:/data/.npmrc
6 silly config:load:file:/usr/src/node-red/.npmrc
7 silly config:load:file:/usr/local/etc/npmrc
8 verbose title npm install node-red-contrib-puppeteer-core-chromium@1.2.2
9 verbose argv "install" "--no-audit" "--no-update-notifier" "--no-fund" "--save" "--save-prefix" "~" "--production" "--engine-strict" "node-red-contrib-puppeteer-core-chromium@1.2.2"
10 verbose logfile logs-max:10 dir:/data/.npm/_logs/2025-06-20T21_01_53_131Z-
11 verbose logfile /data/.npm/_logs/2025-06-20T21_01_53_131Z-debug-0.log
12 silly logfile done cleaning log files
13 silly idealTree buildDeps
14 silly fetch manifest node-red-contrib-puppeteer-core-chromium@1.2.2
15 http fetch GET 200 https://registry.npmjs.org/node-red-contrib-puppeteer-core-chromium 727ms (cache miss)
16 silly placeDep ROOT node-red-contrib-puppeteer-core-chromium@1.2.2 OK for: node-red-project@0.0.1 want: 1.2.2
17 silly fetch manifest puppeteer-core@^8.0.0
18 http fetch GET 200 https://registry.npmjs.org/puppeteer-core 11ms (cache hit)
19 silly placeDep node_modules/node-red-contrib-puppeteer-core-chromium puppeteer-core@8.0.0 OK for: node-red-contrib-puppeteer-core-chromium@1.2.2 want: ^8.0.0
20 silly fetch manifest ws@^7.2.3
21 silly fetch manifest rimraf@^3.0.2
22 silly fetch manifest tar-fs@^2.0.0
23 silly fetch manifest pkg-dir@^4.2.0
24 silly fetch manifest node-fetch@^2.6.1
25 silly fetch manifest unbzip2-stream@^1.3.3
26 silly fetch manifest devtools-protocol@0.0.854822
27 http fetch GET 200 https://registry.npmjs.org/tar-fs 14ms (cache hit)
28 silly fetch manifest https-proxy-agent@^5.0.0
29 http fetch GET 200 https://registry.npmjs.org/ws 18ms (cache hit)
30 http fetch GET 200 https://registry.npmjs.org/rimraf 25ms (cache hit)
31 http fetch GET 200 https://registry.npmjs.org/pkg-dir 31ms (cache hit)
32 http fetch GET 200 https://registry.npmjs.org/unbzip2-stream 35ms (cache hit)
33 http fetch GET 200 https://registry.npmjs.org/node-fetch 40ms (cache hit)
34 http fetch GET 200 https://registry.npmjs.org/devtools-protocol 49ms (cache hit)
35 http fetch GET 200 https://registry.npmjs.org/https-proxy-agent 50ms (cache hit)
36 silly fetch manifest bufferutil@^4.0.1
37 http fetch GET 200 https://registry.npmjs.org/bufferutil 3ms (cache hit)
38 silly fetch manifest utf-8-validate@^5.0.2
39 http fetch GET 200 https://registry.npmjs.org/utf-8-validate 2ms (cache hit)
40 silly fetch manifest encoding@^0.1.0
41 http fetch GET 200 https://registry.npmjs.org/encoding 46ms (cache miss)
42 silly placeDep node_modules/node-red-contrib-puppeteer-core-chromium devtools-protocol@0.0.854822 OK for: puppeteer-core@8.0.0 want: 0.0.854822
43 silly placeDep node_modules/node-red-contrib-puppeteer-core-chromium https-proxy-agent@5.0.1 OK for: puppeteer-core@8.0.0 want: ^5.0.0
44 silly placeDep ROOT node-fetch@2.7.0 OK for: puppeteer-core@8.0.0 want: ^2.6.1
45 silly placeDep ROOT pkg-dir@4.2.0 OK for: puppeteer-core@8.0.0 want: ^4.2.0
46 silly placeDep ROOT rimraf@3.0.2 OK for: puppeteer-core@8.0.0 want: ^3.0.2
47 silly placeDep node_modules/node-red-contrib-puppeteer-core-chromium tar-fs@2.1.3 OK for: puppeteer-core@8.0.0 want: ^2.0.0
48 silly placeDep ROOT unbzip2-stream@1.4.3 OK for: puppeteer-core@8.0.0 want: ^1.3.3
49 silly placeDep node_modules/node-red-contrib-puppeteer-core-chromium ws@7.5.10 OK for: puppeteer-core@8.0.0 want: ^7.2.3
50 silly fetch manifest agent-base@6
51 silly fetch manifest whatwg-url@^5.0.0
52 silly fetch manifest find-up@^4.0.0
53 silly fetch manifest glob@^7.1.3
54 silly fetch manifest chownr@^1.1.1
55 silly fetch manifest tar-stream@^2.1.4
56 silly fetch manifest mkdirp-classic@^0.5.2
57 http fetch GET 200 https://registry.npmjs.org/agent-base 10ms (cache hit)
58 silly fetch manifest buffer@^5.2.1
59 http fetch GET 200 https://registry.npmjs.org/find-up 12ms (cache hit)
60 silly fetch manifest through@^2.3.8
61 http fetch GET 200 https://registry.npmjs.org/tar-stream 14ms (cache hit)
62 http fetch GET 200 https://registry.npmjs.org/glob 17ms (cache hit)
63 http fetch GET 200 https://registry.npmjs.org/chownr 22ms (cache hit)
64 http fetch GET 200 https://registry.npmjs.org/buffer 17ms (cache hit)
65 http fetch GET 200 https://registry.npmjs.org/through 20ms (cache hit)
66 http fetch GET 200 https://registry.npmjs.org/whatwg-url 47ms (cache miss)
67 http fetch GET 200 https://registry.npmjs.org/mkdirp-classic 116ms (cache miss)
68 silly placeDep ROOT whatwg-url@5.0.0 OK for: node-fetch@2.7.0 want: ^5.0.0
69 silly fetch manifest tr46@~0.0.3
70 silly fetch manifest webidl-conversions@^3.0.0
71 http fetch GET 200 https://registry.npmjs.org/tr46 53ms (cache miss)
72 http fetch GET 200 https://registry.npmjs.org/webidl-conversions 56ms (cache miss)
73 silly placeDep ROOT find-up@4.1.0 OK for: pkg-dir@4.2.0 want: ^4.0.0
74 silly fetch manifest locate-path@^5.0.0
75 silly fetch manifest path-exists@^4.0.0
76 http fetch GET 200 https://registry.npmjs.org/locate-path 5ms (cache hit)
77 http fetch GET 200 https://registry.npmjs.org/path-exists 6ms (cache hit)
78 silly placeDep ROOT locate-path@5.0.0 OK for: find-up@4.1.0 want: ^5.0.0
79 silly placeDep ROOT path-exists@4.0.0 OK for: find-up@4.1.0 want: ^4.0.0
80 silly fetch manifest p-locate@^4.1.0
81 http fetch GET 200 https://registry.npmjs.org/p-locate 3ms (cache hit)
82 silly placeDep ROOT p-locate@4.1.0 OK for: locate-path@5.0.0 want: ^4.1.0
83 silly fetch manifest p-limit@^2.2.0
84 http fetch GET 200 https://registry.npmjs.org/p-limit 4ms (cache hit)
85 silly placeDep ROOT p-limit@2.3.0 OK for: p-locate@4.1.0 want: ^2.2.0
86 silly fetch manifest p-try@^2.0.0
87 http fetch GET 200 https://registry.npmjs.org/p-try 3ms (cache hit)
88 silly placeDep ROOT p-try@2.2.0 OK for: p-limit@2.3.0 want: ^2.0.0
89 silly placeDep ROOT glob@7.2.3 OK for: rimraf@3.0.2 want: ^7.1.3
90 silly fetch manifest inflight@^1.0.4
91 silly fetch manifest inherits@2
92 silly fetch manifest minimatch@^3.1.1
93 silly fetch manifest fs.realpath@^1.0.0
94 silly fetch manifest path-is-absolute@^1.0.0
95 http fetch GET 200 https://registry.npmjs.org/inflight 9ms (cache hit)
96 http fetch GET 200 https://registry.npmjs.org/path-is-absolute 10ms (cache hit)
97 http fetch GET 200 https://registry.npmjs.org/minimatch 12ms (cache hit)
98 http fetch GET 200 https://registry.npmjs.org/fs.realpath 14ms (cache hit)
99 http fetch GET 200 https://registry.npmjs.org/inherits 14ms (cache hit)
100 silly placeDep ROOT fs.realpath@1.0.0 OK for: glob@7.2.3 want: ^1.0.0
101 silly placeDep ROOT inflight@1.0.6 OK for: glob@7.2.3 want: ^1.0.4
102 silly placeDep ROOT inherits@2.0.4 OK for: glob@7.2.3 want: 2
103 silly placeDep ROOT minimatch@3.1.2 OK for: glob@7.2.3 want: ^3.1.1
104 silly placeDep ROOT path-is-absolute@1.0.1 OK for: glob@7.2.3 want: ^1.0.0
105 silly fetch manifest brace-expansion@^1.1.7
106 http fetch GET 200 https://registry.npmjs.org/brace-expansion 3ms (cache hit)
107 silly placeDep ROOT brace-expansion@1.1.12 OK for: minimatch@3.1.2 want: ^1.1.7
108 silly fetch manifest balanced-match@^1.0.0
109 silly fetch manifest concat-map@0.0.1
110 http fetch GET 200 https://registry.npmjs.org/balanced-match 5ms (cache hit)
111 http fetch GET 200 https://registry.npmjs.org/concat-map 5ms (cache hit)
112 silly placeDep ROOT balanced-match@1.0.2 OK for: brace-expansion@1.1.12 want: ^1.0.0
113 silly placeDep ROOT concat-map@0.0.1 OK for: brace-expansion@1.1.12 want: 0.0.1
114 silly placeDep ROOT buffer@5.7.1 OK for: unbzip2-stream@1.4.3 want: ^5.2.1
115 silly placeDep ROOT through@2.3.8 OK for: unbzip2-stream@1.4.3 want: ^2.3.8
116 silly fetch manifest base64-js@^1.3.1
117 silly fetch manifest ieee754@^1.1.13
118 http fetch GET 200 https://registry.npmjs.org/base64-js 5ms (cache hit)
119 http fetch GET 200 https://registry.npmjs.org/ieee754 6ms (cache hit)
120 silly placeDep ROOT base64-js@1.5.1 OK for: buffer@5.7.1 want: ^1.3.1
121 silly placeDep ROOT ieee754@1.2.1 OK for: buffer@5.7.1 want: ^1.1.13
122 silly placeDep ROOT tr46@0.0.3 OK for: whatwg-url@5.0.0 want: ~0.0.3
123 silly placeDep ROOT webidl-conversions@3.0.1 OK for: whatwg-url@5.0.0 want: ^3.0.0
124 silly placeDep node_modules/node-red-contrib-puppeteer-core-chromium agent-base@6.0.2 OK for: https-proxy-agent@5.0.1 want: 6
125 silly placeDep ROOT chownr@1.1.4 OK for: tar-fs@2.1.3 want: ^1.1.1
126 silly placeDep ROOT mkdirp-classic@0.5.3 OK for: tar-fs@2.1.3 want: ^0.5.2
127 silly placeDep node_modules/node-red-contrib-puppeteer-core-chromium tar-stream@2.2.0 OK for: tar-fs@2.1.3 want: ^2.1.4
128 silly fetch manifest bl@^4.0.3
129 silly fetch manifest fs-constants@^1.0.0
130 silly fetch manifest readable-stream@^3.1.1
131 http fetch GET 200 https://registry.npmjs.org/fs-constants 22ms (cache hit)
132 http fetch GET 200 https://registry.npmjs.org/bl 23ms (cache hit)
133 http fetch GET 200 https://registry.npmjs.org/readable-stream 23ms (cache hit)
134 silly placeDep ROOT bl@4.1.0 OK for: tar-stream@2.2.0 want: ^4.0.3
135 silly placeDep ROOT fs-constants@1.0.0 OK for: tar-stream@2.2.0 want: ^1.0.0
136 silly placeDep ROOT readable-stream@3.6.2 OK for: tar-stream@2.2.0 want: ^3.1.1
137 silly fetch manifest readable-stream@^3.4.0
138 silly fetch manifest string_decoder@^1.1.1
139 silly fetch manifest util-deprecate@^1.0.1
140 http fetch GET 200 https://registry.npmjs.org/string_decoder 6ms (cache hit)
141 http fetch GET 200 https://registry.npmjs.org/util-deprecate 7ms (cache hit)
142 silly placeDep ROOT string_decoder@1.3.0 OK for: readable-stream@3.6.2 want: ^1.1.1
143 silly placeDep ROOT util-deprecate@1.0.2 OK for: readable-stream@3.6.2 want: ^1.0.1
144 silly fetch manifest safe-buffer@~5.2.0
145 http fetch GET 200 https://registry.npmjs.org/safe-buffer 3ms (cache hit)
146 silly placeDep ROOT safe-buffer@5.2.1 OK for: string_decoder@1.3.0 want: ~5.2.0
147 verbose stack Error: Unsupported engine
147 verbose stack     at checkEngine (/usr/local/lib/node_modules/npm/node_modules/npm-install-checks/lib/index.js:14:25)
147 verbose stack     at #checkEngineAndPlatform (/usr/local/lib/node_modules/npm/node_modules/@npmcli/arborist/lib/arborist/build-ideal-tree.js:220:11)
147 verbose stack     at Arborist.buildIdealTree (/usr/local/lib/node_modules/npm/node_modules/@npmcli/arborist/lib/arborist/build-ideal-tree.js:206:41)
147 verbose stack     at async Promise.all (index 1)
147 verbose stack     at async Arborist.reify (/usr/local/lib/node_modules/npm/node_modules/@npmcli/arborist/lib/arborist/reify.js:131:5)
147 verbose stack     at async Install.exec (/usr/local/lib/node_modules/npm/lib/commands/install.js:150:5)
147 verbose stack     at async module.exports (/usr/local/lib/node_modules/npm/lib/cli/entry.js:74:5)
148 verbose pkgid undici@7.10.0
149 verbose cwd /data
150 verbose Linux 6.10.14-linuxkit
151 verbose node v18.20.3
152 verbose npm  v10.7.0
153 error code EBADENGINE
154 error engine Unsupported engine
155 error engine Not compatible with your version of node/npm: undici@7.10.0
156 error notsup Not compatible with your version of node/npm: undici@7.10.0
156 error notsup Required: {"node":">=20.18.1"}
156 error notsup Actual:   {"npm":"10.7.0","node":"v18.20.3"}
157 verbose exit 1
158 verbose code 1
159 silly unfinished npm timer reify 1750453313302
160 silly unfinished npm timer reify:loadTrees 1750453313303
161 error A complete log of this run can be found in: /data/.npm/_logs/2025-06-20T21_01_53_131Z-debug-0.log
