2025-06-25 00:50:11,001 - INFO - Starting ETL pipeline
2025-06-25 00:50:11,004 - INFO - Starting data extraction from all sources
2025-06-25 00:50:11,005 - INFO - Extracting from HRK Hochschulkompass
2025-06-25 00:50:11,006 - INFO - Starting HRK scraper
2025-06-25 00:50:11,006 - ERROR - Error in HRK scraper: Message: Unable to obtain driver for chrome; For documentation on this error, please visit: https://www.selenium.dev/documentation/webdriver/troubleshooting/errors/driver_location

2025-06-25 00:50:11,007 - INFO - Extracted 0 programmes from HRK
2025-06-25 00:50:11,009 - INFO - Extracting from DAAD International Programmes
2025-06-25 00:50:11,009 - INFO - Starting DAAD scraper
2025-06-25 00:50:11,541 - INFO - Scraping DAAD bachelor programmes
2025-06-25 00:50:11,542 - INFO - Navigating to https://www2.daad.de/deutschland/studienangebote/international-programmes/en/?degree=bachelor&lang=en
2025-06-25 00:50:24,803 - INFO - Starting ETL pipeline
2025-06-25 00:50:24,803 - INFO - Starting data extraction from all sources
2025-06-25 00:50:24,803 - INFO - Extracting from HRK Hochschulkompass
2025-06-25 00:50:24,804 - INFO - Starting HRK scraper
2025-06-25 00:50:24,804 - ERROR - Error in HRK scraper: Message: Unable to obtain driver for chrome; For documentation on this error, please visit: https://www.selenium.dev/documentation/webdriver/troubleshooting/errors/driver_location

2025-06-25 00:50:24,804 - INFO - Extracted 0 programmes from HRK
2025-06-25 00:50:24,804 - INFO - Extracting from DAAD International Programmes
2025-06-25 00:50:24,804 - INFO - Starting DAAD scraper
2025-06-25 00:50:25,085 - INFO - Scraping DAAD bachelor programmes
2025-06-25 00:50:25,085 - INFO - Navigating to https://www2.daad.de/deutschland/studienangebote/international-programmes/en/?degree=bachelor&lang=en
2025-06-25 00:50:27,048 - ERROR - Error scraping bachelor programmes: Message: 

2025-06-25 00:50:30,054 - INFO - Scraping DAAD master programmes
2025-06-25 00:50:30,056 - INFO - Navigating to https://www2.daad.de/deutschland/studienangebote/international-programmes/en/?degree=master&lang=en
2025-06-25 00:50:31,262 - INFO - Starting ETL pipeline
2025-06-25 00:50:31,262 - INFO - Starting data extraction from all sources
2025-06-25 00:50:31,263 - INFO - Extracting from HRK Hochschulkompass
2025-06-25 00:50:31,263 - INFO - Starting HRK scraper
2025-06-25 00:50:31,263 - ERROR - Error in HRK scraper: Message: Unable to obtain driver for chrome; For documentation on this error, please visit: https://www.selenium.dev/documentation/webdriver/troubleshooting/errors/driver_location

2025-06-25 00:50:31,263 - INFO - Extracted 0 programmes from HRK
2025-06-25 00:50:31,263 - INFO - Extracting from DAAD International Programmes
2025-06-25 00:50:31,263 - INFO - Starting DAAD scraper
2025-06-25 00:50:31,599 - INFO - Scraping DAAD bachelor programmes
2025-06-25 00:50:31,599 - INFO - Navigating to https://www2.daad.de/deutschland/studienangebote/international-programmes/en/?degree=bachelor&lang=en
2025-06-25 00:50:36,961 - INFO - Starting ETL pipeline
2025-06-25 00:50:36,961 - INFO - Starting data extraction from all sources
2025-06-25 00:50:36,961 - INFO - Extracting from HRK Hochschulkompass
2025-06-25 00:50:36,961 - INFO - Starting HRK scraper
2025-06-25 00:50:36,961 - ERROR - Error in HRK scraper: Message: Unable to obtain driver for chrome; For documentation on this error, please visit: https://www.selenium.dev/documentation/webdriver/troubleshooting/errors/driver_location

2025-06-25 00:50:36,962 - INFO - Extracted 0 programmes from HRK
2025-06-25 00:50:36,962 - INFO - Extracting from DAAD International Programmes
2025-06-25 00:50:36,962 - INFO - Starting DAAD scraper
2025-06-25 00:50:37,207 - INFO - Scraping DAAD bachelor programmes
2025-06-25 00:50:37,207 - INFO - Navigating to https://www2.daad.de/deutschland/studienangebote/international-programmes/en/?degree=bachelor&lang=en
2025-06-25 00:50:45,397 - ERROR - Error scraping master programmes: Message: 

2025-06-25 00:50:48,410 - INFO - Scraping DAAD phd programmes
2025-06-25 00:50:48,424 - INFO - Navigating to https://www2.daad.de/deutschland/studienangebote/international-programmes/en/?degree=phd&lang=en
2025-06-25 00:50:52,716 - ERROR - Error scraping bachelor programmes: Message: 

2025-06-25 00:50:55,719 - INFO - Scraping DAAD master programmes
2025-06-25 00:50:55,720 - INFO - Navigating to https://www2.daad.de/deutschland/studienangebote/international-programmes/en/?degree=master&lang=en
2025-06-25 00:51:03,888 - ERROR - Error scraping phd programmes: Message: 

2025-06-25 00:51:06,892 - INFO - DAAD scraper completed. Found 0 programmes
2025-06-25 00:51:06,975 - INFO - Extracted 0 programmes from DAAD
2025-06-25 00:51:06,975 - INFO - Extracting from German Accreditation Council
2025-06-25 00:51:06,975 - INFO - Starting Accreditation Council scraper
2025-06-25 00:51:07,324 - INFO - Navigating to Accreditation Council search
2025-06-25 00:51:10,929 - ERROR - Error scraping master programmes: Message: 

2025-06-25 00:51:13,936 - INFO - Scraping DAAD phd programmes
2025-06-25 00:51:13,940 - INFO - Navigating to https://www2.daad.de/deutschland/studienangebote/international-programmes/en/?degree=phd&lang=en
2025-06-25 00:51:25,607 - ERROR - Error in Accreditation Council scraper: Message: 

2025-06-25 00:51:25,670 - INFO - Extracted 0 programmes from Accreditation Council
2025-06-25 00:51:25,670 - INFO - Starting data transformation
2025-06-25 00:51:25,680 - WARNING - No programmes to transform
2025-06-25 00:51:25,681 - INFO - Starting data loading to database
2025-06-25 00:51:25,681 - WARNING - No data to load
2025-06-25 00:51:25,681 - INFO - ETL pipeline completed in 74.68 seconds
2025-06-25 00:51:25,681 - INFO - Final stats: {'new_programmes': 0, 'updated_programmes': 0, 'new_institutions': 0}
2025-06-25 00:51:29,218 - ERROR - Error scraping phd programmes: Message: 

2025-06-25 00:51:32,222 - INFO - DAAD scraper completed. Found 0 programmes
2025-06-25 00:51:32,293 - INFO - Extracted 0 programmes from DAAD
2025-06-25 00:51:32,294 - INFO - Extracting from German Accreditation Council
2025-06-25 00:51:32,294 - INFO - Starting Accreditation Council scraper
2025-06-25 00:51:32,734 - INFO - Navigating to Accreditation Council search
2025-06-25 00:51:48,637 - ERROR - Error in Accreditation Council scraper: Message: 

2025-06-25 00:51:48,701 - INFO - Extracted 0 programmes from Accreditation Council
2025-06-25 00:51:48,702 - INFO - Starting data transformation
2025-06-25 00:51:48,715 - WARNING - No programmes to transform
2025-06-25 00:51:48,715 - INFO - Starting data loading to database
2025-06-25 00:51:48,715 - WARNING - No data to load
2025-06-25 00:51:48,715 - INFO - ETL pipeline completed in 71.75 seconds
2025-06-25 00:51:48,715 - INFO - Final stats: {'new_programmes': 0, 'updated_programmes': 0, 'new_institutions': 0}
2025-06-25 00:51:59,557 - INFO - Starting ETL pipeline
2025-06-25 00:51:59,557 - INFO - Starting data extraction from all sources
2025-06-25 00:51:59,557 - INFO - Extracting from HRK Hochschulkompass
2025-06-25 00:51:59,557 - INFO - Starting HRK scraper
2025-06-25 00:51:59,558 - ERROR - Error in HRK scraper: Message: Unable to obtain driver for chrome; For documentation on this error, please visit: https://www.selenium.dev/documentation/webdriver/troubleshooting/errors/driver_location

2025-06-25 00:51:59,558 - INFO - Extracted 0 programmes from HRK
2025-06-25 00:51:59,558 - INFO - Extracting from DAAD International Programmes
2025-06-25 00:51:59,558 - INFO - Starting DAAD scraper
2025-06-25 00:51:59,864 - INFO - Scraping DAAD bachelor programmes
2025-06-25 00:51:59,864 - INFO - Navigating to https://www2.daad.de/deutschland/studienangebote/international-programmes/en/?degree=bachelor&lang=en
2025-06-25 00:52:15,365 - ERROR - Error scraping bachelor programmes: Message: 

2025-06-25 00:52:17,655 - INFO - Starting ETL pipeline
2025-06-25 00:52:17,656 - INFO - Starting data extraction from all sources
2025-06-25 00:52:17,656 - INFO - Extracting from HRK Hochschulkompass
2025-06-25 00:52:17,656 - INFO - Starting HRK scraper
2025-06-25 00:52:17,656 - ERROR - Error in HRK scraper: Message: Unable to obtain driver for chrome; For documentation on this error, please visit: https://www.selenium.dev/documentation/webdriver/troubleshooting/errors/driver_location

2025-06-25 00:52:17,656 - INFO - Extracted 0 programmes from HRK
2025-06-25 00:52:17,656 - INFO - Extracting from DAAD International Programmes
2025-06-25 00:52:17,657 - INFO - Starting DAAD scraper
2025-06-25 00:52:17,910 - INFO - Scraping DAAD bachelor programmes
2025-06-25 00:52:17,910 - INFO - Navigating to https://www2.daad.de/deutschland/studienangebote/international-programmes/en/?degree=bachelor&lang=en
2025-06-25 00:52:18,367 - INFO - Scraping DAAD master programmes
2025-06-25 00:52:18,368 - INFO - Navigating to https://www2.daad.de/deutschland/studienangebote/international-programmes/en/?degree=master&lang=en
2025-06-25 00:52:24,507 - INFO - Starting ETL pipeline
2025-06-25 00:52:24,507 - INFO - Starting data extraction from all sources
2025-06-25 00:52:24,507 - INFO - Extracting from HRK Hochschulkompass
2025-06-25 00:52:24,507 - INFO - Starting HRK scraper
2025-06-25 00:52:24,507 - ERROR - Error in HRK scraper: Message: Unable to obtain driver for chrome; For documentation on this error, please visit: https://www.selenium.dev/documentation/webdriver/troubleshooting/errors/driver_location

2025-06-25 00:52:24,507 - INFO - Extracted 0 programmes from HRK
2025-06-25 00:52:24,508 - INFO - Extracting from DAAD International Programmes
2025-06-25 00:52:24,508 - INFO - Starting DAAD scraper
2025-06-25 00:52:24,789 - INFO - Scraping DAAD bachelor programmes
2025-06-25 00:52:24,789 - INFO - Navigating to https://www2.daad.de/deutschland/studienangebote/international-programmes/en/?degree=bachelor&lang=en
2025-06-25 00:52:40,743 - ERROR - Error scraping bachelor programmes: Message: 

2025-06-25 00:52:43,746 - INFO - Scraping DAAD master programmes
2025-06-25 00:52:43,747 - INFO - Navigating to https://www2.daad.de/deutschland/studienangebote/international-programmes/en/?degree=master&lang=en
2025-06-25 00:52:58,981 - ERROR - Error scraping master programmes: Message: 

2025-06-25 00:53:01,984 - INFO - Scraping DAAD phd programmes
2025-06-25 00:53:01,986 - INFO - Navigating to https://www2.daad.de/deutschland/studienangebote/international-programmes/en/?degree=phd&lang=en
2025-06-25 00:53:17,331 - ERROR - Error scraping phd programmes: Message: 

2025-06-25 00:53:20,335 - INFO - DAAD scraper completed. Found 0 programmes
2025-06-25 00:53:20,406 - INFO - Extracted 0 programmes from DAAD
2025-06-25 00:53:20,407 - INFO - Extracting from German Accreditation Council
2025-06-25 00:53:20,407 - INFO - Starting Accreditation Council scraper
2025-06-25 00:53:20,966 - INFO - Navigating to Accreditation Council search
2025-06-25 00:53:36,998 - ERROR - Error in Accreditation Council scraper: Message: 

2025-06-25 00:53:37,070 - INFO - Extracted 0 programmes from Accreditation Council
2025-06-25 00:53:37,071 - INFO - Starting data transformation
2025-06-25 00:53:37,090 - WARNING - No programmes to transform
2025-06-25 00:53:37,090 - INFO - Starting data loading to database
2025-06-25 00:53:37,090 - WARNING - No data to load
2025-06-25 00:53:37,090 - INFO - ETL pipeline completed in 72.58 seconds
2025-06-25 00:53:37,090 - INFO - Final stats: {'new_programmes': 0, 'updated_programmes': 0, 'new_institutions': 0}
2025-06-25 00:55:14,008 - INFO - Starting ETL pipeline
2025-06-25 00:55:14,008 - INFO - Starting data extraction from all sources
2025-06-25 00:55:14,008 - INFO - Extracting from HRK Hochschulkompass
2025-06-25 00:55:14,008 - INFO - Starting HRK scraper
2025-06-25 00:55:14,009 - ERROR - Error in HRK scraper: Message: Unable to obtain driver for chrome; For documentation on this error, please visit: https://www.selenium.dev/documentation/webdriver/troubleshooting/errors/driver_location

2025-06-25 00:55:14,009 - INFO - Extracted 0 programmes from HRK
2025-06-25 00:55:14,009 - INFO - Extracting from DAAD International Programmes
2025-06-25 00:55:14,009 - INFO - Starting DAAD scraper
2025-06-25 00:55:14,310 - INFO - Scraping DAAD bachelor programmes
2025-06-25 00:55:14,310 - INFO - Navigating to https://www2.daad.de/deutschland/studienangebote/international-programmes/en/?degree=bachelor&lang=en
2025-06-25 00:55:29,826 - ERROR - Error scraping bachelor programmes: Message: 

2025-06-25 00:55:32,836 - INFO - Scraping DAAD master programmes
2025-06-25 00:55:32,839 - INFO - Navigating to https://www2.daad.de/deutschland/studienangebote/international-programmes/en/?degree=master&lang=en
2025-06-25 00:55:48,090 - ERROR - Error scraping master programmes: Message: 

2025-06-25 00:55:51,097 - INFO - Scraping DAAD phd programmes
2025-06-25 00:55:51,100 - INFO - Navigating to https://www2.daad.de/deutschland/studienangebote/international-programmes/en/?degree=phd&lang=en
2025-06-25 00:56:06,417 - ERROR - Error scraping phd programmes: Message: 

2025-06-25 00:56:09,420 - INFO - DAAD scraper completed. Found 0 programmes
2025-06-25 00:56:09,547 - INFO - Extracted 0 programmes from DAAD
2025-06-25 00:56:09,547 - INFO - Extracting from German Accreditation Council
2025-06-25 00:56:09,547 - INFO - Starting Accreditation Council scraper
2025-06-25 00:56:09,813 - INFO - Navigating to Accreditation Council search
2025-06-25 00:56:25,300 - ERROR - Error in Accreditation Council scraper: Message: 

2025-06-25 00:56:25,371 - INFO - Extracted 0 programmes from Accreditation Council
2025-06-25 00:56:25,371 - INFO - Starting data transformation
2025-06-25 00:56:25,382 - WARNING - No programmes to transform
2025-06-25 00:56:25,382 - INFO - Starting data loading to database
2025-06-25 00:56:25,383 - WARNING - No data to load
2025-06-25 00:56:25,383 - INFO - ETL pipeline completed in 71.37 seconds
2025-06-25 00:56:25,383 - INFO - Final stats: {'new_programmes': 0, 'updated_programmes': 0, 'new_institutions': 0}
2025-06-25 01:22:29,002 - INFO - Starting ETL pipeline
2025-06-25 01:22:29,003 - INFO - Starting data extraction from all sources
2025-06-25 01:22:29,003 - INFO - Extracting from HRK Hochschulkompass
2025-06-25 01:22:29,003 - INFO - Starting HRK scraper
2025-06-25 01:22:29,003 - ERROR - Error in HRK scraper: Message: Unable to obtain driver for chrome; For documentation on this error, please visit: https://www.selenium.dev/documentation/webdriver/troubleshooting/errors/driver_location

2025-06-25 01:22:29,003 - INFO - Extracted 0 programmes from HRK
2025-06-25 01:22:29,003 - INFO - Extracting from DAAD International Programmes
2025-06-25 01:22:29,003 - INFO - Starting DAAD API scraper
2025-06-25 01:22:29,004 - INFO - Fetching DAAD bachelor programmes
2025-06-25 01:22:29,004 - INFO - Fetching DAAD bachelor programmes, page 1
2025-06-25 01:22:29,413 - INFO - Saved HTML to /tmp/daad_search_bachelor.html for debugging
2025-06-25 01:22:29,426 - INFO - Found 11 elements with selector: div[class*="result"]
2025-06-25 01:22:29,428 - INFO - Successfully extracted programme: 0
2025-06-25 01:22:29,429 - INFO - Successfully extracted programme: 0
2025-06-25 01:22:29,430 - INFO - Successfully extracted programme: Grid
2025-06-25 01:22:29,432 - INFO - Successfully extracted programme: Activate map
2025-06-25 01:22:29,434 - INFO - Successfully extracted programme: Activate map
2025-06-25 01:22:30,448 - INFO - Fetching DAAD master programmes
2025-06-25 01:22:30,449 - INFO - Fetching DAAD master programmes, page 1
2025-06-25 01:22:30,773 - INFO - Saved HTML to /tmp/daad_search_master.html for debugging
2025-06-25 01:22:30,790 - INFO - Found 11 elements with selector: div[class*="result"]
2025-06-25 01:22:30,792 - INFO - Successfully extracted programme: 0
2025-06-25 01:22:30,793 - INFO - Successfully extracted programme: 0
2025-06-25 01:22:30,794 - INFO - Successfully extracted programme: Grid
2025-06-25 01:22:30,797 - INFO - Successfully extracted programme: Activate map
2025-06-25 01:22:30,799 - INFO - Successfully extracted programme: Activate map
2025-06-25 01:22:31,800 - INFO - Fetching DAAD phd programmes
2025-06-25 01:22:31,801 - INFO - Fetching DAAD phd programmes, page 1
2025-06-25 01:22:32,175 - INFO - Saved HTML to /tmp/daad_search_phd.html for debugging
2025-06-25 01:22:32,190 - INFO - Found 11 elements with selector: div[class*="result"]
2025-06-25 01:22:32,195 - INFO - Successfully extracted programme: 0
2025-06-25 01:22:32,197 - INFO - Successfully extracted programme: 0
2025-06-25 01:22:32,198 - INFO - Successfully extracted programme: Grid
2025-06-25 01:22:32,201 - INFO - Successfully extracted programme: Activate map
2025-06-25 01:22:32,203 - INFO - Successfully extracted programme: Activate map
2025-06-25 01:22:33,209 - INFO - DAAD API scraper completed. Found 15 programmes
2025-06-25 01:22:33,210 - INFO - Extracted 15 programmes from DAAD
2025-06-25 01:22:33,211 - INFO - Extracting from German Accreditation Council
2025-06-25 01:22:33,211 - INFO - Starting Accreditation Council scraper
2025-06-25 01:22:33,883 - INFO - Navigating to Accreditation Council search
2025-06-25 01:22:49,649 - ERROR - Error in Accreditation Council scraper: Message: 

2025-06-25 01:22:49,723 - INFO - Extracted 0 programmes from Accreditation Council
2025-06-25 01:22:49,724 - INFO - Starting data transformation
2025-06-25 01:22:49,745 - INFO - Transformed 9 unique programmes
2025-06-25 01:22:49,745 - INFO - Starting data loading to database
2025-06-25 01:22:49,820 - INFO - Data loading completed: {'new_programmes': 9, 'updated_programmes': 0, 'new_institutions': 0}
2025-06-25 01:22:49,820 - INFO - ETL pipeline completed in 20.82 seconds
2025-06-25 01:22:49,820 - INFO - Final stats: {'new_programmes': 9, 'updated_programmes': 0, 'new_institutions': 0}
2025-06-25 01:24:09,006 - INFO - Starting ETL pipeline
2025-06-25 01:24:09,007 - INFO - Starting data extraction from all sources
2025-06-25 01:24:09,007 - INFO - Extracting from HRK Hochschulkompass
2025-06-25 01:24:09,007 - INFO - Starting HRK scraper
2025-06-25 01:24:09,008 - ERROR - Error in HRK scraper: Message: Unable to obtain driver for chrome; For documentation on this error, please visit: https://www.selenium.dev/documentation/webdriver/troubleshooting/errors/driver_location

2025-06-25 01:24:09,008 - INFO - Extracted 0 programmes from HRK
2025-06-25 01:24:09,008 - INFO - Extracting from DAAD International Programmes
2025-06-25 01:24:09,008 - INFO - Starting DAAD API scraper
2025-06-25 01:24:09,008 - INFO - Fetching DAAD bachelor programmes
2025-06-25 01:24:09,008 - INFO - Fetching DAAD bachelor programmes, page 1
2025-06-25 01:24:09,419 - INFO - Saved HTML to /tmp/daad_search_bachelor.html for debugging
2025-06-25 01:24:09,432 - INFO - Found 11 elements with selector: div[class*="result"]
2025-06-25 01:24:09,434 - INFO - Successfully extracted programme: 0
2025-06-25 01:24:09,435 - INFO - Successfully extracted programme: 0
2025-06-25 01:24:09,436 - INFO - Successfully extracted programme: Grid
2025-06-25 01:24:09,439 - INFO - Successfully extracted programme: Activate map
2025-06-25 01:24:09,440 - INFO - Successfully extracted programme: Activate map
2025-06-25 01:24:10,441 - INFO - Fetching DAAD master programmes
2025-06-25 01:24:10,441 - INFO - Fetching DAAD master programmes, page 1
2025-06-25 01:24:10,849 - INFO - Saved HTML to /tmp/daad_search_master.html for debugging
2025-06-25 01:24:10,864 - INFO - Found 11 elements with selector: div[class*="result"]
2025-06-25 01:24:10,866 - INFO - Successfully extracted programme: 0
2025-06-25 01:24:10,867 - INFO - Successfully extracted programme: 0
2025-06-25 01:24:10,868 - INFO - Successfully extracted programme: Grid
2025-06-25 01:24:10,871 - INFO - Successfully extracted programme: Activate map
2025-06-25 01:24:10,872 - INFO - Successfully extracted programme: Activate map
2025-06-25 01:24:11,875 - INFO - Fetching DAAD phd programmes
2025-06-25 01:24:11,876 - INFO - Fetching DAAD phd programmes, page 1
2025-06-25 01:24:12,235 - INFO - Saved HTML to /tmp/daad_search_phd.html for debugging
2025-06-25 01:24:12,261 - INFO - Found 11 elements with selector: div[class*="result"]
2025-06-25 01:24:12,264 - INFO - Successfully extracted programme: 0
2025-06-25 01:24:12,265 - INFO - Successfully extracted programme: 0
2025-06-25 01:24:12,266 - INFO - Successfully extracted programme: Grid
2025-06-25 01:24:12,269 - INFO - Successfully extracted programme: Activate map
2025-06-25 01:24:12,271 - INFO - Successfully extracted programme: Activate map
2025-06-25 01:24:13,273 - INFO - DAAD API scraper completed. Found 15 programmes
2025-06-25 01:24:13,276 - INFO - Extracted 15 programmes from DAAD
2025-06-25 01:24:13,277 - INFO - Extracting from German Accreditation Council
2025-06-25 01:24:13,277 - INFO - Starting Accreditation Council scraper
2025-06-25 01:24:13,961 - INFO - Navigating to Accreditation Council search
2025-06-25 01:24:30,689 - ERROR - Error in Accreditation Council scraper: Message: 

2025-06-25 01:24:30,783 - INFO - Extracted 0 programmes from Accreditation Council
2025-06-25 01:24:30,783 - INFO - Starting data transformation
2025-06-25 01:24:30,797 - INFO - Transformed 9 unique programmes
2025-06-25 01:24:30,797 - INFO - Starting data loading to database
2025-06-25 01:24:30,832 - INFO - Data loading completed: {'new_programmes': 0, 'updated_programmes': 9, 'new_institutions': 0}
2025-06-25 01:24:30,832 - INFO - ETL pipeline completed in 21.82 seconds
2025-06-25 01:24:30,832 - INFO - Final stats: {'new_programmes': 0, 'updated_programmes': 9, 'new_institutions': 0}
2025-06-25 01:28:49,611 - INFO - Starting ETL pipeline
2025-06-25 01:28:49,612 - INFO - Starting data extraction from all sources
2025-06-25 01:28:49,612 - INFO - Extracting from HRK Hochschulkompass
2025-06-25 01:28:49,612 - INFO - Starting HRK scraper
2025-06-25 01:28:49,612 - ERROR - Error in HRK scraper: Message: Unable to obtain driver for chrome; For documentation on this error, please visit: https://www.selenium.dev/documentation/webdriver/troubleshooting/errors/driver_location

2025-06-25 01:28:49,612 - INFO - Extracted 0 programmes from HRK
2025-06-25 01:28:49,613 - INFO - Extracting from DAAD International Programmes
2025-06-25 01:28:49,613 - INFO - Starting DAAD API scraper
2025-06-25 01:28:49,613 - INFO - Fetching DAAD bachelor programmes
2025-06-25 01:28:49,613 - INFO - Fetching DAAD bachelor programmes, page 1
2025-06-25 01:28:50,119 - INFO - Saved HTML to /tmp/daad_search_bachelor.html for debugging
2025-06-25 01:28:50,135 - INFO - Found 1 elements with selector: article
2025-06-25 01:28:50,136 - INFO - After filtering: 1 valid programme elements
2025-06-25 01:28:50,138 - INFO - Successfully extracted programme: We need your help to improve our website!
2025-06-25 01:28:51,140 - INFO - Fetching DAAD master programmes
2025-06-25 01:28:51,142 - INFO - Fetching DAAD master programmes, page 1
2025-06-25 01:28:51,583 - INFO - Saved HTML to /tmp/daad_search_master.html for debugging
2025-06-25 01:28:51,598 - INFO - Found 1 elements with selector: article
2025-06-25 01:28:51,598 - INFO - After filtering: 1 valid programme elements
2025-06-25 01:28:51,599 - INFO - Successfully extracted programme: We need your help to improve our website!
2025-06-25 01:28:52,603 - INFO - Fetching DAAD phd programmes
2025-06-25 01:28:52,604 - INFO - Fetching DAAD phd programmes, page 1
2025-06-25 01:28:53,010 - INFO - Saved HTML to /tmp/daad_search_phd.html for debugging
2025-06-25 01:28:53,028 - INFO - Found 1 elements with selector: article
2025-06-25 01:28:53,028 - INFO - After filtering: 1 valid programme elements
2025-06-25 01:28:53,030 - INFO - Successfully extracted programme: We need your help to improve our website!
2025-06-25 01:28:54,036 - INFO - DAAD API scraper completed. Found 3 programmes
2025-06-25 01:28:54,037 - INFO - Extracted 3 programmes from DAAD
2025-06-25 01:28:54,037 - INFO - Extracting from German Accreditation Council
2025-06-25 01:28:54,038 - INFO - Starting Accreditation Council scraper
2025-06-25 01:28:54,419 - INFO - Navigating to Accreditation Council search
2025-06-25 01:29:10,219 - ERROR - Error in Accreditation Council scraper: Message: 

2025-06-25 01:29:10,292 - INFO - Extracted 0 programmes from Accreditation Council
2025-06-25 01:29:10,292 - INFO - Starting data transformation
2025-06-25 01:29:10,304 - INFO - Transformed 3 unique programmes
2025-06-25 01:29:10,304 - INFO - Starting data loading to database
2025-06-25 01:29:10,331 - INFO - Data loading completed: {'new_programmes': 3, 'updated_programmes': 0, 'new_institutions': 0}
2025-06-25 01:29:10,331 - INFO - ETL pipeline completed in 20.72 seconds
2025-06-25 01:29:10,331 - INFO - Final stats: {'new_programmes': 3, 'updated_programmes': 0, 'new_institutions': 0}
2025-06-25 01:30:28,636 - INFO - Starting ETL pipeline
2025-06-25 01:30:28,637 - INFO - Starting data extraction from all sources
2025-06-25 01:30:28,637 - INFO - Extracting from HRK Hochschulkompass
2025-06-25 01:30:28,637 - INFO - Starting HRK scraper
2025-06-25 01:30:28,637 - ERROR - Error in HRK scraper: Message: Unable to obtain driver for chrome; For documentation on this error, please visit: https://www.selenium.dev/documentation/webdriver/troubleshooting/errors/driver_location

2025-06-25 01:30:28,638 - INFO - Extracted 0 programmes from HRK
2025-06-25 01:30:28,638 - INFO - Extracting from DAAD International Programmes
2025-06-25 01:30:28,638 - INFO - Starting DAAD API scraper
2025-06-25 01:30:28,638 - INFO - Fetching DAAD bachelor programmes
2025-06-25 01:30:28,638 - INFO - Fetching DAAD bachelor programmes, page 1
2025-06-25 01:30:29,225 - INFO - Saved HTML to /tmp/daad_search_bachelor.html for debugging
2025-06-25 01:30:29,239 - INFO - Found 1 elements with selector: article
2025-06-25 01:30:29,239 - INFO - After filtering: 1 valid programme elements
2025-06-25 01:30:29,241 - INFO - Successfully extracted programme: We need your help to improve our website!
2025-06-25 01:30:30,244 - INFO - Fetching DAAD master programmes
2025-06-25 01:30:30,245 - INFO - Fetching DAAD master programmes, page 1
2025-06-25 01:30:30,645 - INFO - Saved HTML to /tmp/daad_search_master.html for debugging
2025-06-25 01:30:30,659 - INFO - Found 1 elements with selector: article
2025-06-25 01:30:30,659 - INFO - After filtering: 1 valid programme elements
2025-06-25 01:30:30,661 - INFO - Successfully extracted programme: We need your help to improve our website!
2025-06-25 01:30:31,667 - INFO - Fetching DAAD phd programmes
2025-06-25 01:30:31,668 - INFO - Fetching DAAD phd programmes, page 1
2025-06-25 01:30:32,055 - INFO - Saved HTML to /tmp/daad_search_phd.html for debugging
2025-06-25 01:30:32,070 - INFO - Found 1 elements with selector: article
2025-06-25 01:30:32,071 - INFO - After filtering: 1 valid programme elements
2025-06-25 01:30:32,072 - INFO - Successfully extracted programme: We need your help to improve our website!
2025-06-25 01:30:33,078 - INFO - DAAD API scraper completed. Found 3 programmes
2025-06-25 01:30:33,079 - INFO - Extracted 3 programmes from DAAD
2025-06-25 01:30:33,079 - INFO - Extracting from German Accreditation Council
2025-06-25 01:30:33,080 - INFO - Starting Accreditation Council scraper
2025-06-25 01:30:33,539 - INFO - Navigating to Accreditation Council search
2025-06-25 01:30:49,012 - ERROR - Error in Accreditation Council scraper: Message: 

2025-06-25 01:30:49,084 - INFO - Extracted 0 programmes from Accreditation Council
2025-06-25 01:30:49,085 - INFO - Starting data transformation
2025-06-25 01:30:49,092 - WARNING - No programmes to transform
2025-06-25 01:30:49,092 - INFO - Starting data loading to database
2025-06-25 01:30:49,093 - WARNING - No data to load
2025-06-25 01:30:49,093 - INFO - ETL pipeline completed in 20.46 seconds
2025-06-25 01:30:49,093 - INFO - Final stats: {'new_programmes': 0, 'updated_programmes': 0, 'new_institutions': 0}
2025-06-25 01:30:56,266 - INFO - Starting ETL pipeline
2025-06-25 01:30:56,266 - INFO - Starting data extraction from all sources
2025-06-25 01:30:56,266 - INFO - Extracting from HRK Hochschulkompass
2025-06-25 01:30:56,266 - INFO - Starting HRK scraper
2025-06-25 01:30:56,266 - ERROR - Error in HRK scraper: Message: Unable to obtain driver for chrome; For documentation on this error, please visit: https://www.selenium.dev/documentation/webdriver/troubleshooting/errors/driver_location

2025-06-25 01:30:56,266 - INFO - Extracted 0 programmes from HRK
2025-06-25 01:30:56,267 - INFO - Extracting from DAAD International Programmes
2025-06-25 01:30:56,267 - INFO - Starting DAAD API scraper
2025-06-25 01:30:56,267 - INFO - Fetching DAAD bachelor programmes
2025-06-25 01:30:56,267 - INFO - Fetching DAAD bachelor programmes, page 1
2025-06-25 01:30:56,837 - INFO - Saved HTML to /tmp/daad_search_bachelor.html for debugging
2025-06-25 01:30:56,850 - INFO - Found 1 elements with selector: article
2025-06-25 01:30:56,850 - INFO - After filtering: 1 valid programme elements
2025-06-25 01:30:56,852 - INFO - Successfully extracted programme: We need your help to improve our website!
2025-06-25 01:30:57,854 - INFO - Fetching DAAD master programmes
2025-06-25 01:30:57,855 - INFO - Fetching DAAD master programmes, page 1
2025-06-25 01:30:58,291 - INFO - Saved HTML to /tmp/daad_search_master.html for debugging
2025-06-25 01:30:58,307 - INFO - Found 1 elements with selector: article
2025-06-25 01:30:58,308 - INFO - After filtering: 1 valid programme elements
2025-06-25 01:30:58,309 - INFO - Successfully extracted programme: We need your help to improve our website!
2025-06-25 01:31:01,717 - INFO - Starting ETL pipeline
2025-06-25 01:31:01,717 - INFO - Starting data extraction from all sources
2025-06-25 01:31:01,717 - INFO - Extracting from HRK Hochschulkompass
2025-06-25 01:31:01,717 - INFO - Starting HRK scraper
2025-06-25 01:31:01,717 - ERROR - Error in HRK scraper: Message: Unable to obtain driver for chrome; For documentation on this error, please visit: https://www.selenium.dev/documentation/webdriver/troubleshooting/errors/driver_location

2025-06-25 01:31:01,717 - INFO - Extracted 0 programmes from HRK
2025-06-25 01:31:01,718 - INFO - Extracting from DAAD International Programmes
2025-06-25 01:31:01,718 - INFO - Starting DAAD API scraper
2025-06-25 01:31:01,718 - INFO - Fetching DAAD bachelor programmes
2025-06-25 01:31:01,718 - INFO - Fetching DAAD bachelor programmes, page 1
2025-06-25 01:31:02,235 - INFO - Saved HTML to /tmp/daad_search_bachelor.html for debugging
2025-06-25 01:31:02,248 - INFO - Found 1 elements with selector: article
2025-06-25 01:31:02,249 - INFO - After filtering: 1 valid programme elements
2025-06-25 01:31:02,251 - INFO - Successfully extracted programme: We need your help to improve our website!
2025-06-25 01:31:03,254 - INFO - Fetching DAAD master programmes
2025-06-25 01:31:03,255 - INFO - Fetching DAAD master programmes, page 1
2025-06-25 01:31:03,677 - INFO - Saved HTML to /tmp/daad_search_master.html for debugging
2025-06-25 01:31:03,692 - INFO - Found 1 elements with selector: article
2025-06-25 01:31:03,692 - INFO - After filtering: 1 valid programme elements
2025-06-25 01:31:03,693 - INFO - Successfully extracted programme: We need your help to improve our website!
2025-06-25 01:31:04,694 - INFO - Fetching DAAD phd programmes
2025-06-25 01:31:04,694 - INFO - Fetching DAAD phd programmes, page 1
2025-06-25 01:31:05,037 - INFO - Saved HTML to /tmp/daad_search_phd.html for debugging
2025-06-25 01:31:05,052 - INFO - Found 1 elements with selector: article
2025-06-25 01:31:05,052 - INFO - After filtering: 1 valid programme elements
2025-06-25 01:31:05,053 - INFO - Successfully extracted programme: We need your help to improve our website!
2025-06-25 01:31:06,059 - INFO - DAAD API scraper completed. Found 3 programmes
2025-06-25 01:31:06,060 - INFO - Extracted 3 programmes from DAAD
2025-06-25 01:31:06,060 - INFO - Extracting from German Accreditation Council
2025-06-25 01:31:06,061 - INFO - Starting Accreditation Council scraper
2025-06-25 01:31:06,432 - INFO - Navigating to Accreditation Council search
2025-06-25 01:31:22,042 - ERROR - Error in Accreditation Council scraper: Message: 

2025-06-25 01:31:22,114 - INFO - Extracted 0 programmes from Accreditation Council
2025-06-25 01:31:22,114 - INFO - Starting data transformation
2025-06-25 01:31:22,122 - WARNING - No programmes to transform
2025-06-25 01:31:22,122 - INFO - Starting data loading to database
2025-06-25 01:31:22,122 - WARNING - No data to load
2025-06-25 01:31:22,122 - INFO - ETL pipeline completed in 20.41 seconds
2025-06-25 01:31:22,123 - INFO - Final stats: {'new_programmes': 0, 'updated_programmes': 0, 'new_institutions': 0}
2025-06-25 01:52:29,576 - INFO - Starting ETL pipeline
2025-06-25 01:52:29,577 - INFO - Starting data extraction from all sources
2025-06-25 01:52:29,577 - INFO - Extracting from HRK Hochschulkompass
2025-06-25 01:52:29,577 - INFO - Starting HRK scraper
2025-06-25 01:52:29,578 - ERROR - Error in HRK scraper: Message: Unable to obtain driver for chrome; For documentation on this error, please visit: https://www.selenium.dev/documentation/webdriver/troubleshooting/errors/driver_location

2025-06-25 01:52:29,578 - INFO - Extracted 0 programmes from HRK
2025-06-25 01:52:29,578 - INFO - Extracting from DAAD International Programmes
2025-06-25 01:52:29,578 - INFO - Starting DAAD API scraper
2025-06-25 01:52:29,578 - INFO - Fetching DAAD bachelor programmes
2025-06-25 01:52:29,579 - INFO - Fetching DAAD bachelor programmes, page 1
2025-06-25 01:52:30,096 - INFO - Saved HTML to /tmp/daad_search_bachelor.html for debugging
2025-06-25 01:52:30,110 - INFO - Found 1 elements with selector: article
2025-06-25 01:52:30,110 - INFO - After filtering: 1 valid programme elements
2025-06-25 01:52:30,112 - INFO - Successfully extracted programme: We need your help to improve our website!
2025-06-25 01:52:31,117 - INFO - Fetching DAAD master programmes
2025-06-25 01:52:31,118 - INFO - Fetching DAAD master programmes, page 1
2025-06-25 01:52:31,509 - INFO - Saved HTML to /tmp/daad_search_master.html for debugging
2025-06-25 01:52:31,527 - INFO - Found 1 elements with selector: article
2025-06-25 01:52:31,527 - INFO - After filtering: 1 valid programme elements
2025-06-25 01:52:31,529 - INFO - Successfully extracted programme: We need your help to improve our website!
2025-06-25 01:52:32,534 - INFO - Fetching DAAD phd programmes
2025-06-25 01:52:32,536 - INFO - Fetching DAAD phd programmes, page 1
2025-06-25 01:52:32,958 - INFO - Saved HTML to /tmp/daad_search_phd.html for debugging
2025-06-25 01:52:32,974 - INFO - Found 1 elements with selector: article
2025-06-25 01:52:32,974 - INFO - After filtering: 1 valid programme elements
2025-06-25 01:52:32,976 - INFO - Successfully extracted programme: We need your help to improve our website!
2025-06-25 01:52:33,982 - INFO - DAAD API scraper completed. Found 3 programmes
2025-06-25 01:52:33,987 - INFO - Extracted 3 programmes from DAAD
2025-06-25 01:52:33,988 - INFO - Extracting from German Accreditation Council
2025-06-25 01:52:33,989 - INFO - Starting Accreditation Council scraper
2025-06-25 01:52:34,534 - INFO - Navigating to Accreditation Council search
2025-06-25 01:52:51,158 - ERROR - Error in Accreditation Council scraper: Message: 

2025-06-25 01:52:51,237 - INFO - Extracted 0 programmes from Accreditation Council
2025-06-25 01:52:51,237 - INFO - Starting data transformation
2025-06-25 01:52:51,250 - WARNING - No programmes to transform
2025-06-25 01:52:51,250 - INFO - Starting data loading to database
2025-06-25 01:52:51,250 - WARNING - No data to load
2025-06-25 01:52:51,251 - INFO - ETL pipeline completed in 21.67 seconds
2025-06-25 01:52:51,251 - INFO - Final stats: {'new_programmes': 0, 'updated_programmes': 0, 'new_institutions': 0}
2025-06-25 02:00:00,565 - INFO - Starting ETL pipeline
2025-06-25 02:00:00,565 - INFO - Starting data extraction from all sources
2025-06-25 02:00:00,565 - INFO - Extracting from HRK Hochschulkompass
2025-06-25 02:00:00,565 - INFO - Starting HRK scraper
2025-06-25 02:00:00,566 - ERROR - Error in HRK scraper: Message: Unable to obtain driver for chrome; For documentation on this error, please visit: https://www.selenium.dev/documentation/webdriver/troubleshooting/errors/driver_location

2025-06-25 02:00:00,566 - INFO - Extracted 0 programmes from HRK
2025-06-25 02:00:00,566 - INFO - Extracting from DAAD International Programmes
2025-06-25 02:00:00,566 - INFO - Starting DAAD API scraper
2025-06-25 02:00:00,566 - INFO - Fetching DAAD bachelor programmes
2025-06-25 02:00:00,566 - INFO - Fetching DAAD bachelor programmes, page 1
2025-06-25 02:00:01,106 - INFO - Saved HTML to /tmp/daad_search_bachelor.html for debugging
2025-06-25 02:00:01,119 - INFO - Found 1 elements with selector: article
2025-06-25 02:00:01,120 - INFO - After filtering: 1 valid programme elements
2025-06-25 02:00:01,122 - INFO - Successfully extracted programme: We need your help to improve our website!
2025-06-25 02:00:02,125 - INFO - Fetching DAAD master programmes
2025-06-25 02:00:02,128 - INFO - Fetching DAAD master programmes, page 1
2025-06-25 02:00:03,102 - INFO - Saved HTML to /tmp/daad_search_master.html for debugging
2025-06-25 02:00:03,117 - INFO - Found 1 elements with selector: article
2025-06-25 02:00:03,117 - INFO - After filtering: 1 valid programme elements
2025-06-25 02:00:03,119 - INFO - Successfully extracted programme: We need your help to improve our website!
2025-06-25 02:00:04,122 - INFO - Fetching DAAD phd programmes
2025-06-25 02:00:04,123 - INFO - Fetching DAAD phd programmes, page 1
2025-06-25 02:00:04,638 - INFO - Saved HTML to /tmp/daad_search_phd.html for debugging
2025-06-25 02:00:04,653 - INFO - Found 1 elements with selector: article
2025-06-25 02:00:04,654 - INFO - After filtering: 1 valid programme elements
2025-06-25 02:00:04,655 - INFO - Successfully extracted programme: We need your help to improve our website!
2025-06-25 02:00:05,661 - INFO - DAAD API scraper completed. Found 3 programmes
2025-06-25 02:00:05,662 - INFO - Extracted 3 programmes from DAAD
2025-06-25 02:00:05,663 - INFO - Extracting from German Accreditation Council
2025-06-25 02:00:05,663 - INFO - Starting Accreditation Council scraper
2025-06-25 02:00:06,127 - INFO - Navigating to Accreditation Council search
2025-06-25 02:00:21,759 - ERROR - Error in Accreditation Council scraper: Message: 

2025-06-25 02:00:21,833 - INFO - Extracted 0 programmes from Accreditation Council
2025-06-25 02:00:21,833 - INFO - Starting data transformation
2025-06-25 02:00:21,843 - WARNING - No programmes to transform
2025-06-25 02:00:21,843 - INFO - Starting data loading to database
2025-06-25 02:00:21,843 - WARNING - No data to load
2025-06-25 02:00:21,843 - INFO - ETL pipeline completed in 21.28 seconds
2025-06-25 02:00:21,843 - INFO - Final stats: {'new_programmes': 0, 'updated_programmes': 0, 'new_institutions': 0}
